d:\freerdp\libfreerdp\freerdp.dir\debug\vc120.pdb
d:\freerdp\libfreerdp\freerdp.dir\debug\pointer.obj
d:\freerdp\libfreerdp\freerdp.dir\debug\gdi.obj
d:\freerdp\libfreerdp\freerdp.dir\debug\gfx.obj
d:\freerdp\libfreerdp\freerdp.dir\debug\shape.obj
d:\freerdp\libfreerdp\freerdp.dir\debug\pen.obj
d:\freerdp\libfreerdp\freerdp.dir\debug\line.obj
d:\freerdp\libfreerdp\freerdp.dir\debug\drawing.obj
d:\freerdp\libfreerdp\freerdp.dir\debug\dc.obj
d:\freerdp\libfreerdp\freerdp.dir\debug\clipping.obj
d:\freerdp\libfreerdp\freerdp.dir\debug\32bpp.obj
d:\freerdp\libfreerdp\freerdp.dir\debug\16bpp.obj
d:\freerdp\libfreerdp\freerdp.dir\debug\8bpp.obj
d:\freerdp\libfreerdp\freerdp.dir\debug\assistance.obj
d:\freerdp\libfreerdp\freerdp.dir\debug\addin.obj
d:\freerdp\libfreerdp\freerdp.dir\debug\stopwatch.obj
d:\freerdp\libfreerdp\freerdp.dir\debug\signal.obj
d:\freerdp\libfreerdp\freerdp.dir\debug\ringbuffer.obj
d:\freerdp\libfreerdp\freerdp.dir\debug\profiler.obj
d:\freerdp\libfreerdp\freerdp.dir\debug\pcap.obj
d:\freerdp\libfreerdp\freerdp.dir\debug\passphrase.obj
d:\freerdp\libfreerdp\freerdp.dir\debug\nego.obj
d:\freerdp\libfreerdp\freerdp.dir\debug\nla.obj
d:\freerdp\libfreerdp\freerdp.dir\debug\mcs.obj
d:\freerdp\libfreerdp\freerdp.dir\debug\gcc.obj
d:\freerdp\libfreerdp\freerdp.dir\debug\activation.obj
d:\freerdp\libfreerdp\freerdp.dir\debug\bulk.obj
d:\freerdp\libfreerdp\freerdp.dir\debug\locale.obj
d:\freerdp\libfreerdp\freerdp.dir\debug\keyboard.obj
d:\freerdp\libfreerdp\freerdp.dir\debug\keyboard_layout.obj
d:\freerdp\libfreerdp\freerdp.dir\debug\tls.obj
d:\freerdp\libfreerdp\freerdp.dir\debug\crypto.obj
d:\freerdp\libfreerdp\freerdp.dir\debug\base64.obj
d:\freerdp\libfreerdp\freerdp.dir\debug\per.obj
d:\freerdp\libfreerdp\freerdp.dir\debug\ber.obj
d:\freerdp\libfreerdp\freerdp.dir\debug\der.obj
d:\freerdp\libfreerdp\freerdp.dir\debug\er.obj
d:\freerdp\libfreerdp\freerdp.dir\debug\cache.obj
d:\freerdp\libfreerdp\freerdp.dir\debug\glyph.obj
d:\freerdp\libfreerdp\freerdp.dir\debug\offscreen.obj
d:\freerdp\libfreerdp\freerdp.dir\debug\nine_grid.obj
d:\freerdp\libfreerdp\freerdp.dir\debug\rdp.obj
d:\freerdp\libfreerdp\freerdp.dir\debug\multitransport.obj
d:\freerdp\libfreerdp\freerdp.dir\debug\heartbeat.obj
d:\freerdp\libfreerdp\freerdp.dir\debug\autodetect.obj
d:\freerdp\libfreerdp\freerdp.dir\debug\redirection.obj
d:\freerdp\libfreerdp\freerdp.dir\debug\connection.obj
d:\freerdp\libfreerdp\freerdp.dir\debug\capabilities.obj
d:\freerdp\libfreerdp\freerdp.dir\debug\metrics.obj
d:\freerdp\libfreerdp\freerdp.dir\debug\codecs.obj
d:\freerdp\libfreerdp\freerdp.dir\debug\server.obj
d:\freerdp\libfreerdp\freerdp.dir\debug\client.obj
d:\freerdp\libfreerdp\freerdp.dir\debug\freerdp.obj
d:\freerdp\libfreerdp\freerdp.dir\debug\orders.obj
d:\freerdp\libfreerdp\freerdp.dir\debug\security.obj
d:\freerdp\libfreerdp\freerdp.dir\debug\errconnect.obj
d:\freerdp\libfreerdp\freerdp.dir\debug\errbase.obj
d:\freerdp\libfreerdp\freerdp.dir\debug\errinfo.obj
d:\freerdp\libfreerdp\freerdp.dir\debug\license.obj
d:\freerdp\libfreerdp\freerdp.dir\debug\input.obj
d:\freerdp\libfreerdp\freerdp.dir\debug\info.obj
d:\freerdp\libfreerdp\freerdp.dir\debug\rts_signature.obj
d:\freerdp\libfreerdp\freerdp.dir\debug\rts.obj
d:\freerdp\libfreerdp\freerdp.dir\debug\rpc_fault.obj
d:\freerdp\libfreerdp\freerdp.dir\debug\rpc_client.obj
d:\freerdp\libfreerdp\freerdp.dir\debug\rpc_bind.obj
d:\freerdp\libfreerdp\freerdp.dir\debug\rpc.obj
d:\freerdp\libfreerdp\freerdp.dir\debug\rdg.obj
d:\freerdp\libfreerdp\freerdp.dir\debug\tsg.obj
d:\freerdp\libfreerdp\freerdp.dir\debug\peer.obj
d:\freerdp\libfreerdp\freerdp.dir\debug\listener.obj
d:\freerdp\libfreerdp\freerdp.dir\debug\window.obj
d:\freerdp\libfreerdp\freerdp.dir\debug\channels.obj
d:\freerdp\libfreerdp\freerdp.dir\debug\message.obj
d:\freerdp\libfreerdp\freerdp.dir\debug\update.obj
d:\freerdp\libfreerdp\freerdp.dir\debug\transport.obj
d:\freerdp\libfreerdp\freerdp.dir\debug\surface.obj
d:\freerdp\libfreerdp\freerdp.dir\debug\fastpath.obj
d:\freerdp\libfreerdp\freerdp.dir\debug\tpkt.obj
d:\freerdp\libfreerdp\freerdp.dir\debug\tpdu.obj
d:\freerdp\libfreerdp\freerdp.dir\debug\tcp.obj
d:\freerdp\libfreerdp\freerdp.dir\debug\xcrush.obj
d:\freerdp\libfreerdp\freerdp.dir\debug\ncrush.obj
d:\freerdp\libfreerdp\freerdp.dir\debug\nsc_encode.obj
d:\freerdp\libfreerdp\freerdp.dir\debug\nsc.obj
d:\freerdp\libfreerdp\freerdp.dir\debug\rfx.obj
d:\freerdp\libfreerdp\freerdp.dir\debug\rfx_rlgr.obj
d:\freerdp\libfreerdp\freerdp.dir\debug\rfx_quantization.obj
d:\freerdp\libfreerdp\freerdp.dir\debug\rfx_encode.obj
d:\freerdp\libfreerdp\freerdp.dir\debug\rfx_dwt.obj
d:\freerdp\libfreerdp\freerdp.dir\debug\rfx_differential.obj
d:\freerdp\libfreerdp\freerdp.dir\debug\rfx_decode.obj
d:\freerdp\libfreerdp\freerdp.dir\debug\progressive.obj
d:\freerdp\libfreerdp\freerdp.dir\debug\interleaved.obj
d:\freerdp\libfreerdp\freerdp.dir\debug\planar.obj
d:\freerdp\libfreerdp\freerdp.dir\debug\audio.obj
d:\freerdp\libfreerdp\freerdp.dir\debug\color.obj
d:\freerdp\libfreerdp\freerdp.dir\debug\dsp.obj
d:\freerdp\libfreerdp\freerdp.dir\debug\ncacn_http.obj
d:\freerdp\libfreerdp\freerdp.dir\debug\http.obj
d:\freerdp\libfreerdp\freerdp.dir\debug\ntlm.obj
d:\freerdp\libfreerdp\freerdp.dir\debug\primitives.obj
d:\freerdp\libfreerdp\freerdp.dir\debug\prim_ycocg.obj
d:\freerdp\libfreerdp\freerdp.dir\debug\prim_yuv.obj
d:\freerdp\libfreerdp\freerdp.dir\debug\prim_sign.obj
d:\freerdp\libfreerdp\freerdp.dir\debug\prim_shift.obj
d:\freerdp\libfreerdp\freerdp.dir\debug\prim_set.obj
d:\freerdp\libfreerdp\freerdp.dir\debug\prim_copy.obj
d:\freerdp\libfreerdp\freerdp.dir\debug\prim_colors.obj
d:\freerdp\libfreerdp\freerdp.dir\debug\prim_alphacomp.obj
d:\freerdp\libfreerdp\freerdp.dir\debug\prim_andor.obj
d:\freerdp\libfreerdp\freerdp.dir\debug\prim_add.obj
d:\freerdp\libfreerdp\freerdp.dir\debug\prim_16to32bpp.obj
d:\freerdp\libfreerdp\freerdp.dir\debug\h264.obj
d:\freerdp\libfreerdp\freerdp.dir\debug\jpeg.obj
d:\freerdp\libfreerdp\freerdp.dir\debug\clear.obj
d:\freerdp\libfreerdp\freerdp.dir\debug\zgfx.obj
d:\freerdp\libfreerdp\freerdp.dir\debug\mppc.obj
d:\freerdp\libfreerdp\freerdp.dir\debug\common\settings.c.obj
d:\freerdp\libfreerdp\freerdp.dir\debug\gdi\bitmap.c.obj
d:\freerdp\libfreerdp\freerdp.dir\debug\gdi\brush.c.obj
d:\freerdp\libfreerdp\freerdp.dir\debug\gdi\palette.c.obj
d:\freerdp\libfreerdp\freerdp.dir\debug\gdi\region.c.obj
d:\freerdp\libfreerdp\freerdp.dir\debug\gdi\graphics.c.obj
d:\freerdp\libfreerdp\freerdp.dir\debug\cache\brush.c.obj
d:\freerdp\libfreerdp\freerdp.dir\debug\cache\bitmap.c.obj
d:\freerdp\libfreerdp\freerdp.dir\debug\cache\palette.c.obj
d:\freerdp\libfreerdp\freerdp.dir\debug\crypto\certificate.c.obj
d:\freerdp\libfreerdp\freerdp.dir\debug\locale\timezone.c.obj
d:\freerdp\libfreerdp\freerdp.dir\debug\core\settings.c.obj
d:\freerdp\libfreerdp\freerdp.dir\debug\core\graphics.c.obj
d:\freerdp\libfreerdp\freerdp.dir\debug\core\certificate.c.obj
d:\freerdp\libfreerdp\freerdp.dir\debug\core\timezone.c.obj
d:\freerdp\libfreerdp\freerdp.dir\debug\codec\bitmap.c.obj
d:\freerdp\libfreerdp\freerdp.dir\debug\codec\region.c.obj
d:\freerdp\libfreerdp\freerdp.dir\debug\prim_ycocg_opt.obj
d:\freerdp\libfreerdp\freerdp.dir\debug\prim_yuv_opt.obj
d:\freerdp\libfreerdp\freerdp.dir\debug\prim_sign_opt.obj
d:\freerdp\libfreerdp\freerdp.dir\debug\prim_shift_opt.obj
d:\freerdp\libfreerdp\freerdp.dir\debug\prim_set_opt.obj
d:\freerdp\libfreerdp\freerdp.dir\debug\prim_colors_opt.obj
d:\freerdp\libfreerdp\freerdp.dir\debug\prim_alphacomp_opt.obj
d:\freerdp\libfreerdp\freerdp.dir\debug\prim_andor_opt.obj
d:\freerdp\libfreerdp\freerdp.dir\debug\prim_add_opt.obj
d:\freerdp\libfreerdp\freerdp.dir\debug\prim_16to32bpp_opt.obj
d:\freerdp\libfreerdp\freerdp.dir\debug\nsc_sse2.obj
d:\freerdp\libfreerdp\freerdp.dir\debug\rfx_sse2.obj
d:\freerdp\debug\freerdp.lib
d:\freerdp\debug\freerdp.exp
d:\freerdp\debug\freerdp.ilk
d:\freerdp\debug\freerdp.dll
d:\freerdp\debug\freerdp.pdb
d:\freerdp\libfreerdp\freerdp.dir\debug\version.res
d:\freerdp\libfreerdp\freerdp.dir\debug\freerdp.tlog\cl.command.1.tlog
d:\freerdp\libfreerdp\freerdp.dir\debug\freerdp.tlog\cl.read.1.tlog
d:\freerdp\libfreerdp\freerdp.dir\debug\freerdp.tlog\cl.write.1.tlog
d:\freerdp\libfreerdp\freerdp.dir\debug\freerdp.tlog\freerdp.write.1u.tlog
d:\freerdp\libfreerdp\freerdp.dir\debug\freerdp.tlog\link.command.1.tlog
d:\freerdp\libfreerdp\freerdp.dir\debug\freerdp.tlog\link.read.1.tlog
d:\freerdp\libfreerdp\freerdp.dir\debug\freerdp.tlog\link.write.1.tlog
d:\freerdp\libfreerdp\freerdp.dir\debug\freerdp.tlog\rc.command.1.tlog
d:\freerdp\libfreerdp\freerdp.dir\debug\freerdp.tlog\rc.read.1.tlog
d:\freerdp\libfreerdp\freerdp.dir\debug\freerdp.tlog\rc.write.1.tlog
