Build started 10/22/2015 2:03:45 PM.
     1>Project "D:\freerdp\channels\cliprdr\client\cliprdr-client.vcxproj" on node 3 (Build target(s)).
     1>ClCompile:
         C:\Program Files (x86)\Microsoft Visual Studio 12.0\VC\bin\x86_amd64\CL.exe /c /ID:\freerdp /ID:\freerdp\include /I"D:\FreeRDP-master\FreeRDP-master\include" /I"D:\FreeRDP-master\FreeRDP-master\winpr\include" /ID:\freerdp\winpr\include /I"D:\FreeRDP-master\FreeRDP-master\rdtk\include" /ID:\freerdp\rdtk\include /Zi /nologo /W3 /WX- /Od /Ob2 /D WIN32 /D _WINDOWS /D _AMD64_ /D UNICODE /D _UNICODE /D _CRT_SECURE_NO_WARNINGS /D WIN32_LEAN_AND_MEAN /D WINVER=0x0501 /D WIN32_WINNT=0x0501 /D WINPR_EXPORTS /D FREERDP_EXPORTS /D _DEBUG /D WITH_OPENSSL /D HAVE_CONFIG_H /D "CMAKE_INTDIR=\"Debug\"" /D _UNICODE /D UNICODE /Gm- /RTC1 /MDd /GS /fp:precise /Zc:wchar_t /Zc:forScope /Fo"cliprdr-client.dir\Debug\\" /Fd"cliprdr-client.dir\Debug\vc120.pdb" /Gd /TC /errorReport:prompt "D:\FreeRDP-master\FreeRDP-master\channels\cliprdr\client\cliprdr_format.c" "D:\FreeRDP-master\FreeRDP-master\channels\cliprdr\client\cliprdr_main.c"
         cliprdr_format.c
     1>D:\FreeRDP-master\FreeRDP-master\channels\cliprdr\client\cliprdr_format.c(69): warning C4244: '=' : conversion from '__int64' to 'UINT32', possible loss of data
     1>D:\FreeRDP-master\FreeRDP-master\channels\cliprdr\client\cliprdr_format.c(150): warning C4267: '=' : conversion from 'size_t' to 'int', possible loss of data
     1>D:\FreeRDP-master\FreeRDP-master\channels\cliprdr\client\cliprdr_format.c(184): warning C4267: '=' : conversion from 'size_t' to 'int', possible loss of data
         cliprdr_main.c
     1>D:\FreeRDP-master\FreeRDP-master\channels\cliprdr\client\cliprdr_main.c(94): warning C4244: '=' : conversion from '__int64' to 'UINT32', possible loss of data
     1>D:\FreeRDP-master\FreeRDP-master\channels\cliprdr\client\cliprdr_main.c(663): warning C4267: '=' : conversion from 'size_t' to 'int', possible loss of data
     1>D:\FreeRDP-master\FreeRDP-master\channels\cliprdr\client\cliprdr_main.c(720): warning C4267: '=' : conversion from 'size_t' to 'int', possible loss of data
         Generating Code...
       Lib:
         C:\Program Files (x86)\Microsoft Visual Studio 12.0\VC\bin\x86_amd64\Lib.exe /OUT:"D:\freerdp\Debug\cliprdr-client.lib" /NOLOGO /MACHINE:X64  /machine:x64 "cliprdr-client.dir\Debug\cliprdr_format.obj"
         "cliprdr-client.dir\Debug\cliprdr_main.obj"
         cliprdr-client.vcxproj -> D:\freerdp\Debug\cliprdr-client.lib
     1>Done Building Project "D:\freerdp\channels\cliprdr\client\cliprdr-client.vcxproj" (Build target(s)).

Build succeeded.

Time Elapsed 00:00:01.15
