d:\freerdp\client\windows\wfreerdp-client.dir\debug\vc120.pdb
d:\freerdp\client\windows\wfreerdp-client.dir\debug\wf_floatbar.obj
d:\freerdp\client\windows\wfreerdp-client.dir\debug\wf_client.obj
d:\freerdp\client\windows\wfreerdp-client.dir\debug\wf_rail.obj
d:\freerdp\client\windows\wfreerdp-client.dir\debug\wf_cliprdr.obj
d:\freerdp\client\windows\wfreerdp-client.dir\debug\wf_graphics.obj
d:\freerdp\client\windows\wfreerdp-client.dir\debug\wf_channels.obj
d:\freerdp\client\windows\wfreerdp-client.dir\debug\wf_event.obj
d:\freerdp\client\windows\wfreerdp-client.dir\debug\wf_gdi.obj
d:\freerdp\debug\wfreerdp-client.ilk
d:\freerdp\debug\wfreerdp-client.dll
d:\freerdp\debug\wfreerdp-client.pdb
d:\freerdp\client\windows\wfreerdp-client.dir\debug\wfreerdp.res
d:\freerdp\client\windows\wfreerdp-client.dir\debug\version.res
d:\freerdp\debug\wfreerdp-client.lib
d:\freerdp\debug\wfreerdp-client.exp
d:\freerdp\client\windows\wfreerdp-client.dir\debug\wfreerdp-client.tlog\cl.command.1.tlog
d:\freerdp\client\windows\wfreerdp-client.dir\debug\wfreerdp-client.tlog\cl.read.1.tlog
d:\freerdp\client\windows\wfreerdp-client.dir\debug\wfreerdp-client.tlog\cl.write.1.tlog
d:\freerdp\client\windows\wfreerdp-client.dir\debug\wfreerdp-client.tlog\link.command.1.tlog
d:\freerdp\client\windows\wfreerdp-client.dir\debug\wfreerdp-client.tlog\link.read.1.tlog
d:\freerdp\client\windows\wfreerdp-client.dir\debug\wfreerdp-client.tlog\link.write.1.tlog
d:\freerdp\client\windows\wfreerdp-client.dir\debug\wfreerdp-client.tlog\rc.command.1.tlog
d:\freerdp\client\windows\wfreerdp-client.dir\debug\wfreerdp-client.tlog\rc.read.1.tlog
d:\freerdp\client\windows\wfreerdp-client.dir\debug\wfreerdp-client.tlog\rc.write.1.tlog
d:\freerdp\client\windows\wfreerdp-client.dir\debug\wfreerdp-client.tlog\wfreerdp-client.write.1u.tlog
