Build started 10/27/2015 4:57:17 PM.
     1>Project "D:\freerdp\client\Windows\wfreerdp-client.vcxproj" on node 2 (Build target(s)).
     1>ClCompile:
         C:\Program Files (x86)\Microsoft Visual Studio 12.0\VC\bin\x86_amd64\CL.exe /c /ID:\freerdp /ID:\freerdp\include /I"D:\FreeRDP-master\FreeRDP-master\include" /I"D:\FreeRDP-master\FreeRDP-master\winpr\include" /ID:\freerdp\winpr\include /I"D:\FreeRDP-master\FreeRDP-master\rdtk\include" /ID:\freerdp\rdtk\include /Zi /nologo /W3 /WX- /Od /Ob2 /D WIN32 /D _WINDOWS /D _AMD64_ /D UNICODE /D _UNICODE /D _CRT_SECURE_NO_WARNINGS /D WIN32_LEAN_AND_MEAN /D WINVER=0x0501 /D WIN32_WINNT=0x0501 /D WINPR_EXPORTS /D FREERDP_EXPORTS /D _DEBUG /D WITH_OPENSSL /D HAVE_CONFIG_H /D "CMAKE_INTDIR=\"Debug\"" /D wfreerdp_client_EXPORTS /D _WINDLL /D _UNICODE /D UNICODE /Gm- /RTC1 /MDd /GS /fp:precise /Zc:wchar_t /Zc:forScope /Fo"wfreerdp-client.dir\Debug\\" /Fd"wfreerdp-client.dir\Debug\vc120.pdb" /Gd /TC /errorReport:prompt "D:\FreeRDP-master\FreeRDP-master\client\Windows\wf_client.c"
         wf_client.c
       Link:
         C:\Program Files (x86)\Microsoft Visual Studio 12.0\VC\bin\x86_amd64\link.exe /ERRORREPORT:PROMPT /OUT:"D:\freerdp\Debug\wfreerdp-client.dll" /INCREMENTAL /NOLOGO kernel32.lib user32.lib gdi32.lib winspool.lib shell32.lib ole32.lib oleaut32.lib uuid.lib comdlg32.lib advapi32.lib "..\..\Debug\freerdp-client.lib" "..\..\Debug\audin-client.lib" "..\..\Debug\disp-client.lib" "..\..\Debug\echo-client.lib" "..\..\Debug\rdpei-client.lib" "..\..\Debug\rdpgfx-client.lib" "..\..\Debug\cliprdr-client.lib" "..\..\Debug\drdynvc-client.lib" "..\..\Debug\encomsp-client.lib" "..\..\Debug\rail-client.lib" "..\..\Debug\rdpdr-client.lib" "..\..\Debug\rdpsnd-client.lib" "..\..\Debug\remdesk-client.lib" "..\..\Debug\drive-client.lib" "..\..\Debug\printer-client.lib" "..\..\Debug\smartcard-client.lib" "..\..\Debug\audin-client-winmm.lib" "..\..\Debug\rdpsnd-client-winmm.lib" ..\..\Debug\freerdp.lib ..\..\Debug\winpr.lib ntdsapi.lib crypt32.lib Dbghelp.lib rpcrt4.lib credui.lib ws2_32.lib winmm.lib "C:\OpenSSL-Win64\lib\VC\ssleay32MD.lib" "C:\OpenSSL-Win64\lib\VC\libeay32MD.lib" /MANIFEST /MANIFESTUAC:"level='asInvoker' uiAccess='false'" /manifest:embed /DEBUG /PDB:"D:/freerdp/Debug/wfreerdp-client.pdb" /SUBSYSTEM:CONSOLE /TLBID:1 /DYNAMICBASE /NXCOMPAT /IMPLIB:"D:/freerdp/Debug/wfreerdp-client.lib" /MACHINE:X64  /machine:x64 /debug /DLL "wfreerdp-client.dir\Debug\wfreerdp.res"
         "wfreerdp-client.dir\Debug\version.res"
         "wfreerdp-client.dir\Debug\wf_gdi.obj"
         "wfreerdp-client.dir\Debug\wf_event.obj"
         "wfreerdp-client.dir\Debug\wf_channels.obj"
         "wfreerdp-client.dir\Debug\wf_graphics.obj"
         "wfreerdp-client.dir\Debug\wf_cliprdr.obj"
         "wfreerdp-client.dir\Debug\wf_rail.obj"
         "wfreerdp-client.dir\Debug\wf_client.obj"
         "wfreerdp-client.dir\Debug\wf_floatbar.obj"
         wfreerdp-client.vcxproj -> D:\freerdp\Debug\wfreerdp-client.dll
     1>Done Building Project "D:\freerdp\client\Windows\wfreerdp-client.vcxproj" (Build target(s)).

Build succeeded.

Time Elapsed 00:00:02.52
