d:\freerdp\client\common\freerdp-client.dir\debug\vc120.pdb
d:\freerdp\client\common\freerdp-client.dir\debug\addin.obj
d:\freerdp\client\common\freerdp-client.dir\debug\tables.obj
d:\freerdp\client\common\freerdp-client.dir\debug\file.obj
d:\freerdp\client\common\freerdp-client.dir\debug\compatibility.obj
d:\freerdp\client\common\freerdp-client.dir\debug\cmdline.obj
d:\freerdp\client\common\freerdp-client.dir\debug\client.obj
d:\freerdp\debug\freerdp-client.lib
d:\freerdp\debug\freerdp-client.exp
d:\freerdp\debug\freerdp-client.ilk
d:\freerdp\debug\freerdp-client.dll
d:\freerdp\debug\freerdp-client.pdb
d:\freerdp\client\common\freerdp-client.dir\debug\version.res
d:\freerdp\client\common\freerdp-client.dir\debug\freerdp-client.tlog\cl.command.1.tlog
d:\freerdp\client\common\freerdp-client.dir\debug\freerdp-client.tlog\cl.read.1.tlog
d:\freerdp\client\common\freerdp-client.dir\debug\freerdp-client.tlog\cl.write.1.tlog
d:\freerdp\client\common\freerdp-client.dir\debug\freerdp-client.tlog\freerdp-client.write.1u.tlog
d:\freerdp\client\common\freerdp-client.dir\debug\freerdp-client.tlog\link.command.1.tlog
d:\freerdp\client\common\freerdp-client.dir\debug\freerdp-client.tlog\link.read.1.tlog
d:\freerdp\client\common\freerdp-client.dir\debug\freerdp-client.tlog\link.write.1.tlog
d:\freerdp\client\common\freerdp-client.dir\debug\freerdp-client.tlog\rc.command.1.tlog
d:\freerdp\client\common\freerdp-client.dir\debug\freerdp-client.tlog\rc.read.1.tlog
d:\freerdp\client\common\freerdp-client.dir\debug\freerdp-client.tlog\rc.write.1.tlog
