d:\freerdp\winpr\libwinpr\winpr.dir\debug\vc120.pdb
d:\freerdp\winpr\libwinpr\winpr.dir\debug\security.obj
d:\freerdp\winpr\libwinpr\winpr.dir\debug\interlocked.obj
d:\freerdp\winpr\libwinpr\winpr.dir\debug\pipe.obj
d:\freerdp\winpr\libwinpr\winpr.dir\debug\file.obj
d:\freerdp\winpr\libwinpr\winpr.dir\debug\pattern.obj
d:\freerdp\winpr\libwinpr\winpr.dir\debug\namedpipeclient.obj
d:\freerdp\winpr\libwinpr\winpr.dir\debug\generic.obj
d:\freerdp\winpr\libwinpr\winpr.dir\debug\library.obj
d:\freerdp\winpr\libwinpr\winpr.dir\debug\locale.obj
d:\freerdp\winpr\libwinpr\winpr.dir\debug\wait.obj
d:\freerdp\winpr\libwinpr\winpr.dir\debug\srw.obj
d:\freerdp\winpr\libwinpr\winpr.dir\debug\sleep.obj
d:\freerdp\winpr\libwinpr\winpr.dir\debug\semaphore.obj
d:\freerdp\winpr\libwinpr\winpr.dir\debug\mutex.obj
d:\freerdp\winpr\libwinpr\winpr.dir\debug\init.obj
d:\freerdp\winpr\libwinpr\winpr.dir\debug\event.obj
d:\freerdp\winpr\libwinpr\winpr.dir\debug\critical.obj
d:\freerdp\winpr\libwinpr\winpr.dir\debug\condition.obj
d:\freerdp\winpr\libwinpr\winpr.dir\debug\barrier.obj
d:\freerdp\winpr\libwinpr\winpr.dir\debug\address.obj
d:\freerdp\winpr\libwinpr\winpr.dir\debug\stream.obj
d:\freerdp\winpr\libwinpr\winpr.dir\debug\print.obj
d:\freerdp\winpr\libwinpr\winpr.dir\debug\image.obj
d:\freerdp\winpr\libwinpr\winpr.dir\debug\sam.obj
d:\freerdp\winpr\libwinpr\winpr.dir\debug\ini.obj
d:\freerdp\winpr\libwinpr\winpr.dir\debug\heap.obj
d:\freerdp\winpr\libwinpr\winpr.dir\debug\keycode.obj
d:\freerdp\winpr\libwinpr\winpr.dir\debug\scancode.obj
d:\freerdp\winpr\libwinpr\winpr.dir\debug\virtualkey.obj
d:\freerdp\winpr\libwinpr\winpr.dir\debug\device.obj
d:\freerdp\winpr\libwinpr\winpr.dir\debug\path.obj
d:\freerdp\winpr\libwinpr\winpr.dir\debug\credentials.obj
d:\freerdp\winpr\libwinpr\winpr.dir\debug\registry.obj
d:\freerdp\winpr\libwinpr\winpr.dir\debug\registry_reg.obj
d:\freerdp\winpr\libwinpr\winpr.dir\debug\crypto.obj
d:\freerdp\winpr\libwinpr\winpr.dir\debug\cert.obj
d:\freerdp\winpr\libwinpr\winpr.dir\debug\cipher.obj
d:\freerdp\winpr\libwinpr\winpr.dir\debug\rand.obj
d:\freerdp\winpr\libwinpr\winpr.dir\debug\hash.obj
d:\freerdp\winpr\libwinpr\winpr.dir\debug\environment.obj
d:\freerdp\winpr\libwinpr\winpr.dir\debug\streampool.obj
d:\freerdp\winpr\libwinpr\winpr.dir\debug\objectpool.obj
d:\freerdp\winpr\libwinpr\winpr.dir\debug\bufferpool.obj
d:\freerdp\winpr\libwinpr\winpr.dir\debug\countdownevent.obj
d:\freerdp\winpr\libwinpr\winpr.dir\debug\keyvaluepair.obj
d:\freerdp\winpr\libwinpr\winpr.dir\debug\listdictionary.obj
d:\freerdp\winpr\libwinpr\winpr.dir\debug\hashtable.obj
d:\freerdp\winpr\libwinpr\winpr.dir\debug\linkedlist.obj
d:\freerdp\winpr\libwinpr\winpr.dir\debug\dictionary.obj
d:\freerdp\winpr\libwinpr\winpr.dir\debug\arraylist.obj
d:\freerdp\winpr\libwinpr\winpr.dir\debug\reference.obj
d:\freerdp\winpr\libwinpr\winpr.dir\debug\bitstream.obj
d:\freerdp\winpr\libwinpr\winpr.dir\debug\bipbuffer.obj
d:\freerdp\winpr\libwinpr\winpr.dir\debug\pubsub.obj
d:\freerdp\winpr\libwinpr\winpr.dir\debug\stack.obj
d:\freerdp\winpr\libwinpr\winpr.dir\debug\queue.obj
d:\freerdp\winpr\libwinpr\winpr.dir\debug\ssl.obj
d:\freerdp\winpr\libwinpr\winpr.dir\debug\cmdline.obj
d:\freerdp\winpr\libwinpr\winpr.dir\debug\winpr.obj
d:\freerdp\winpr\libwinpr\winpr.dir\debug\debug.obj
d:\freerdp\winpr\libwinpr\winpr.dir\debug\com.obj
d:\freerdp\winpr\libwinpr\winpr.dir\debug\error.obj
d:\freerdp\winpr\libwinpr\winpr.dir\debug\consoleappender.obj
d:\freerdp\winpr\libwinpr\winpr.dir\debug\callbackappender.obj
d:\freerdp\winpr\libwinpr\winpr.dir\debug\binaryappender.obj
d:\freerdp\winpr\libwinpr\winpr.dir\debug\fileappender.obj
d:\freerdp\winpr\libwinpr\winpr.dir\debug\appender.obj
d:\freerdp\winpr\libwinpr\winpr.dir\debug\packetmessage.obj
d:\freerdp\winpr\libwinpr\winpr.dir\debug\imagemessage.obj
d:\freerdp\winpr\libwinpr\winpr.dir\debug\datamessage.obj
d:\freerdp\winpr\libwinpr\winpr.dir\debug\textmessage.obj
d:\freerdp\winpr\libwinpr\winpr.dir\debug\message.obj
d:\freerdp\winpr\libwinpr\winpr.dir\debug\layout.obj
d:\freerdp\winpr\libwinpr\winpr.dir\debug\wlog.obj
d:\freerdp\winpr\libwinpr\winpr.dir\debug\triostr.obj
d:\freerdp\winpr\libwinpr\winpr.dir\debug\trionan.obj
d:\freerdp\winpr\libwinpr\winpr.dir\debug\trio.obj
d:\freerdp\winpr\libwinpr\winpr.dir\debug\lodepng.obj
d:\freerdp\winpr\libwinpr\winpr.dir\debug\messagepipe.obj
d:\freerdp\winpr\libwinpr\winpr.dir\debug\messagequeue.obj
d:\freerdp\winpr\libwinpr\winpr.dir\debug\ntlm_message.obj
d:\freerdp\winpr\libwinpr\winpr.dir\debug\ntlm_compute.obj
d:\freerdp\winpr\libwinpr\winpr.dir\debug\ntlm_av_pairs.obj
d:\freerdp\winpr\libwinpr\winpr.dir\debug\winsock.obj
d:\freerdp\winpr\libwinpr\winpr.dir\debug\tls.obj
d:\freerdp\winpr\libwinpr\winpr.dir\debug\thread.obj
d:\freerdp\winpr\libwinpr\winpr.dir\debug\processor.obj
d:\freerdp\winpr\libwinpr\winpr.dir\debug\process.obj
d:\freerdp\winpr\libwinpr\winpr.dir\debug\argv.obj
d:\freerdp\winpr\libwinpr\winpr.dir\debug\nonehandle.obj
d:\freerdp\winpr\libwinpr\winpr.dir\debug\handle.obj
d:\freerdp\winpr\libwinpr\winpr.dir\debug\callback_cleanup.obj
d:\freerdp\winpr\libwinpr\winpr.dir\debug\callback.obj
d:\freerdp\winpr\libwinpr\winpr.dir\debug\callback_environment.obj
d:\freerdp\winpr\libwinpr\winpr.dir\debug\pool.obj
d:\freerdp\winpr\libwinpr\winpr.dir\debug\cleanup_group.obj
d:\freerdp\winpr\libwinpr\winpr.dir\debug\work.obj
d:\freerdp\winpr\libwinpr\winpr.dir\debug\synch.obj
d:\freerdp\winpr\libwinpr\winpr.dir\debug\sysinfo.obj
d:\freerdp\winpr\libwinpr\winpr.dir\debug\timezone.obj
d:\freerdp\winpr\libwinpr\winpr.dir\debug\ndr_array.obj
d:\freerdp\winpr\libwinpr\winpr.dir\debug\ndr.obj
d:\freerdp\winpr\libwinpr\winpr.dir\debug\rpc.obj
d:\freerdp\winpr\libwinpr\winpr.dir\debug\bcrypt.obj
d:\freerdp\winpr\libwinpr\winpr.dir\debug\utf.obj
d:\freerdp\winpr\libwinpr\winpr.dir\debug\unicode.obj
d:\freerdp\winpr\libwinpr\winpr.dir\debug\string.obj
d:\freerdp\winpr\libwinpr\winpr.dir\debug\buffer.obj
d:\freerdp\winpr\libwinpr\winpr.dir\debug\conversion.obj
d:\freerdp\winpr\libwinpr\winpr.dir\debug\alignment.obj
d:\freerdp\winpr\libwinpr\winpr.dir\debug\sspicli.obj
d:\freerdp\winpr\libwinpr\winpr.dir\debug\asn1.obj
d:\freerdp\winpr\libwinpr\winpr.dir\debug\winhttp.obj
d:\freerdp\winpr\libwinpr\winpr.dir\debug\sspi.obj
d:\freerdp\winpr\libwinpr\winpr.dir\debug\sspi_export.obj
d:\freerdp\winpr\libwinpr\winpr.dir\debug\sspi_winpr.obj
d:\freerdp\winpr\libwinpr\winpr.dir\debug\credssp.obj
d:\freerdp\winpr\libwinpr\winpr.dir\debug\schannel.obj
d:\freerdp\winpr\libwinpr\winpr.dir\debug\schannel_openssl.obj
d:\freerdp\winpr\libwinpr\winpr.dir\debug\negotiate.obj
d:\freerdp\winpr\libwinpr\winpr.dir\debug\synthetic.obj
d:\freerdp\winpr\libwinpr\winpr.dir\debug\nt.obj
d:\freerdp\winpr\libwinpr\winpr.dir\debug\smartcard_winscard.obj
d:\freerdp\winpr\libwinpr\winpr.dir\debug\smartcard_inspect.obj
d:\freerdp\winpr\libwinpr\winpr.dir\debug\smartcard_pcsc.obj
d:\freerdp\winpr\libwinpr\winpr.dir\debug\smartcard.obj
d:\freerdp\winpr\libwinpr\winpr.dir\debug\wnd.obj
d:\freerdp\winpr\libwinpr\winpr.dir\debug\dsparse.obj
d:\freerdp\winpr\libwinpr\winpr.dir\debug\wtsapi_win32.obj
d:\freerdp\winpr\libwinpr\winpr.dir\debug\wtsapi.obj
d:\freerdp\winpr\libwinpr\winpr.dir\debug\credui.obj
d:\freerdp\winpr\libwinpr\winpr.dir\debug\midl.obj
d:\freerdp\winpr\libwinpr\winpr.dir\debug\ndr_union.obj
d:\freerdp\winpr\libwinpr\winpr.dir\debug\ndr_structure.obj
d:\freerdp\winpr\libwinpr\winpr.dir\debug\ndr_string.obj
d:\freerdp\winpr\libwinpr\winpr.dir\debug\ndr_simple.obj
d:\freerdp\winpr\libwinpr\winpr.dir\debug\ndr_private.obj
d:\freerdp\winpr\libwinpr\winpr.dir\debug\ndr_pointer.obj
d:\freerdp\winpr\libwinpr\winpr.dir\debug\ndr_correlation.obj
d:\freerdp\winpr\libwinpr\winpr.dir\debug\ndr_context.obj
d:\freerdp\winpr\libwinpr\winpr.dir\debug\clipboard.obj
d:\freerdp\winpr\libwinpr\winpr.dir\debug\synch\timer.c.obj
d:\freerdp\winpr\libwinpr\winpr.dir\debug\path\shell.c.obj
d:\freerdp\winpr\libwinpr\winpr.dir\debug\io\io.c.obj
d:\freerdp\winpr\libwinpr\winpr.dir\debug\memory\memory.c.obj
d:\freerdp\winpr\libwinpr\winpr.dir\debug\shell\shell.c.obj
d:\freerdp\winpr\libwinpr\winpr.dir\debug\utils\ntlm.c.obj
d:\freerdp\winpr\libwinpr\winpr.dir\debug\pool\timer.c.obj
d:\freerdp\winpr\libwinpr\winpr.dir\debug\pool\io.c.obj
d:\freerdp\winpr\libwinpr\winpr.dir\debug\sspi\ntlm\ntlm.c.obj
d:\freerdp\winpr\libwinpr\winpr.dir\debug\crt\memory.c.obj
d:\freerdp\debug\winpr.ilk
d:\freerdp\debug\winpr.dll
d:\freerdp\debug\winpr.pdb
d:\freerdp\winpr\libwinpr\winpr.dir\debug\version.res
d:\freerdp\debug\winpr.lib
d:\freerdp\debug\winpr.exp
d:\freerdp\winpr\libwinpr\winpr.dir\debug\winpr.tlog\cl.command.1.tlog
d:\freerdp\winpr\libwinpr\winpr.dir\debug\winpr.tlog\cl.read.1.tlog
d:\freerdp\winpr\libwinpr\winpr.dir\debug\winpr.tlog\cl.write.1.tlog
d:\freerdp\winpr\libwinpr\winpr.dir\debug\winpr.tlog\link.command.1.tlog
d:\freerdp\winpr\libwinpr\winpr.dir\debug\winpr.tlog\link.read.1.tlog
d:\freerdp\winpr\libwinpr\winpr.dir\debug\winpr.tlog\link.write.1.tlog
d:\freerdp\winpr\libwinpr\winpr.dir\debug\winpr.tlog\rc.command.1.tlog
d:\freerdp\winpr\libwinpr\winpr.dir\debug\winpr.tlog\rc.read.1.tlog
d:\freerdp\winpr\libwinpr\winpr.dir\debug\winpr.tlog\rc.write.1.tlog
d:\freerdp\winpr\libwinpr\winpr.dir\debug\winpr.tlog\winpr.write.1u.tlog
