Build started 10/26/2015 4:28:17 PM.
     1>Project "D:\freerdp\winpr\libwinpr\winpr.vcxproj" on node 2 (Rebuild target(s)).
     1>ClCompile:
         C:\Program Files (x86)\Microsoft Visual Studio 12.0\VC\bin\x86_amd64\CL.exe /c /ID:\freerdp /ID:\freerdp\include /I"D:\FreeRDP-master\FreeRDP-master\include" /I"D:\FreeRDP-master\FreeRDP-master\winpr\include" /ID:\freerdp\winpr\include /I"D:\FreeRDP-master\FreeRDP-master\winpr\libwinpr\utils\lodepng" /I"D:\FreeRDP-master\FreeRDP-master\winpr\libwinpr\utils\trio" /I"D:\FreeRDP-master\FreeRDP-master\winpr\libwinpr\utils\." /I"C:\OpenSSL-Win64\include" /Zi /nologo /W3 /WX- /Od /Ob2 /D WIN32 /D _WINDOWS /D _AMD64_ /D UNICODE /D _UNICODE /D _CRT_SECURE_NO_WARNINGS /D WIN32_LEAN_AND_MEAN /D WINVER=0x0501 /D WIN32_WINNT=0x0501 /D WINPR_EXPORTS /D FREERDP_EXPORTS /D WINPR_EXPORTS /D _DEBUG /D WITH_OPENSSL /D HAVE_CONFIG_H /D "CMAKE_INTDIR=\"Debug\"" /D winpr_EXPORTS /D _WINDLL /D _UNICODE /D UNICODE /Gm- /RTC1 /MDd /GS /fp:precise /Zc:wchar_t /Zc:forScope /Fo"winpr.dir\Debug\\" /Fd"winpr.dir\Debug\vc120.pdb" /Gd /TC /errorReport:prompt "D:\FreeRDP-master\FreeRDP-master\winpr\libwinpr\synch\address.c" "D:\FreeRDP-master\FreeRDP-master\winpr\libwinpr\synch\barrier.c" "D:\FreeRDP-master\FreeRDP-master\winpr\libwinpr\synch\condition.c" "D:\FreeRDP-master\FreeRDP-master\winpr\libwinpr\synch\critical.c" "D:\FreeRDP-master\FreeRDP-master\winpr\libwinpr\synch\event.c" "D:\FreeRDP-master\FreeRDP-master\winpr\libwinpr\synch\init.c" "D:\FreeRDP-master\FreeRDP-master\winpr\libwinpr\synch\mutex.c" "D:\FreeRDP-master\FreeRDP-master\winpr\libwinpr\synch\semaphore.c" "D:\FreeRDP-master\FreeRDP-master\winpr\libwinpr\synch\sleep.c" "D:\FreeRDP-master\FreeRDP-master\winpr\libwinpr\synch\srw.c" "D:\FreeRDP-master\FreeRDP-master\winpr\libwinpr\synch\wait.c" "D:\FreeRDP-master\FreeRDP-master\winpr\libwinpr\locale\locale.c" "D:\FreeRDP-master\FreeRDP-master\winpr\libwinpr\library\library.c" "D:\FreeRDP-master\FreeRDP-master\winpr\libwinpr\file\generic.c" "D:\FreeRDP-master\FreeRDP-master\winpr\libwinpr\file\namedPipeClient.c" "D:\FreeRDP-master\FreeRDP-master\winpr\libwinpr\file\pattern.c" "D:\FreeRDP-master\FreeRDP-master\winpr\libwinpr\file\file.c" "D:\FreeRDP-master\FreeRDP-master\winpr\libwinpr\pipe\pipe.c" "D:\FreeRDP-master\FreeRDP-master\winpr\libwinpr\interlocked\interlocked.c" "D:\FreeRDP-master\FreeRDP-master\winpr\libwinpr\security\security.c" "D:\FreeRDP-master\FreeRDP-master\winpr\libwinpr\environment\environment.c" "D:\FreeRDP-master\FreeRDP-master\winpr\libwinpr\crypto\hash.c" "D:\FreeRDP-master\FreeRDP-master\winpr\libwinpr\crypto\rand.c" "D:\FreeRDP-master\FreeRDP-master\winpr\libwinpr\crypto\cipher.c" "D:\FreeRDP-master\FreeRDP-master\winpr\libwinpr\crypto\cert.c" "D:\FreeRDP-master\FreeRDP-master\winpr\libwinpr\crypto\crypto.c" "D:\FreeRDP-master\FreeRDP-master\winpr\libwinpr\registry\registry_reg.c" "D:\FreeRDP-master\FreeRDP-master\winpr\libwinpr\registry\registry.c" "D:\FreeRDP-master\FreeRDP-master\winpr\libwinpr\credentials\credentials.c" "D:\FreeRDP-master\FreeRDP-master\winpr\libwinpr\path\path.c" "D:\FreeRDP-master\FreeRDP-master\winpr\libwinpr\io\device.c" "D:\FreeRDP-master\FreeRDP-master\winpr\libwinpr\input\virtualkey.c" "D:\FreeRDP-master\FreeRDP-master\winpr\libwinpr\input\scancode.c" "D:\FreeRDP-master\FreeRDP-master\winpr\libwinpr\input\keycode.c" "D:\FreeRDP-master\FreeRDP-master\winpr\libwinpr\heap\heap.c" "D:\FreeRDP-master\FreeRDP-master\winpr\libwinpr\utils\ini.c" "D:\FreeRDP-master\FreeRDP-master\winpr\libwinpr\utils\sam.c" "D:\FreeRDP-master\FreeRDP-master\winpr\libwinpr\utils\image.c" "D:\FreeRDP-master\FreeRDP-master\winpr\libwinpr\utils\print.c" "D:\FreeRDP-master\FreeRDP-master\winpr\libwinpr\utils\stream.c" "D:\FreeRDP-master\FreeRDP-master\winpr\libwinpr\utils\debug.c" "D:\FreeRDP-master\FreeRDP-master\winpr\libwinpr\utils\winpr.c" "D:\FreeRDP-master\FreeRDP-master\winpr\libwinpr\utils\cmdline.c" "D:\FreeRDP-master\FreeRDP-master\winpr\libwinpr\utils\ssl.c" "D:\FreeRDP-master\FreeRDP-master\winpr\libwinpr\utils\collections\Queue.c" "D:\FreeRDP-master\FreeRDP-master\winpr\libwinpr\utils\collections\Stack.c" "D:\FreeRDP-master\FreeRDP-master\winpr\libwinpr\utils\collections\PubSub.c" "D:\FreeRDP-master\FreeRDP-master\winpr\libwinpr\utils\collections\BipBuffer.c" "D:\FreeRDP-master\FreeRDP-master\winpr\libwinpr\utils\collections\BitStream.c" "D:\FreeRDP-master\FreeRDP-master\winpr\libwinpr\utils\collections\Reference.c" "D:\FreeRDP-master\FreeRDP-master\winpr\libwinpr\utils\collections\ArrayList.c" "D:\FreeRDP-master\FreeRDP-master\winpr\libwinpr\utils\collections\Dictionary.c" "D:\FreeRDP-master\FreeRDP-master\winpr\libwinpr\utils\collections\LinkedList.c" "D:\FreeRDP-master\FreeRDP-master\winpr\libwinpr\utils\collections\HashTable.c" "D:\FreeRDP-master\FreeRDP-master\winpr\libwinpr\utils\collections\ListDictionary.c" "D:\FreeRDP-master\FreeRDP-master\winpr\libwinpr\utils\collections\KeyValuePair.c" "D:\FreeRDP-master\FreeRDP-master\winpr\libwinpr\utils\collections\CountdownEvent.c" "D:\FreeRDP-master\FreeRDP-master\winpr\libwinpr\utils\collections\BufferPool.c" "D:\FreeRDP-master\FreeRDP-master\winpr\libwinpr\utils\collections\ObjectPool.c" "D:\FreeRDP-master\FreeRDP-master\winpr\libwinpr\utils\collections\StreamPool.c" "D:\FreeRDP-master\FreeRDP-master\winpr\libwinpr\utils\collections\MessageQueue.c" "D:\FreeRDP-master\FreeRDP-master\winpr\libwinpr\utils\collections\MessagePipe.c" "D:\FreeRDP-master\FreeRDP-master\winpr\libwinpr\utils\lodepng\lodepng.c" "D:\FreeRDP-master\FreeRDP-master\winpr\libwinpr\utils\trio\trio.c" "D:\FreeRDP-master\FreeRDP-master\winpr\libwinpr\utils\trio\trionan.c" "D:\FreeRDP-master\FreeRDP-master\winpr\libwinpr\utils\trio\triostr.c" "D:\FreeRDP-master\FreeRDP-master\winpr\libwinpr\utils\wlog\wlog.c" "D:\FreeRDP-master\FreeRDP-master\winpr\libwinpr\utils\wlog\Layout.c" "D:\FreeRDP-master\FreeRDP-master\winpr\libwinpr\utils\wlog\Message.c" "D:\FreeRDP-master\FreeRDP-master\winpr\libwinpr\utils\wlog\TextMessage.c" "D:\FreeRDP-master\FreeRDP-master\winpr\libwinpr\utils\wlog\DataMessage.c" "D:\FreeRDP-master\FreeRDP-master\winpr\libwinpr\utils\wlog\ImageMessage.c" "D:\FreeRDP-master\FreeRDP-master\winpr\libwinpr\utils\wlog\PacketMessage.c" "D:\FreeRDP-master\FreeRDP-master\winpr\libwinpr\utils\wlog\Appender.c" "D:\FreeRDP-master\FreeRDP-master\winpr\libwinpr\utils\wlog\FileAppender.c" "D:\FreeRDP-master\FreeRDP-master\winpr\libwinpr\utils\wlog\BinaryAppender.c" "D:\FreeRDP-master\FreeRDP-master\winpr\libwinpr\utils\wlog\CallbackAppender.c" "D:\FreeRDP-master\FreeRDP-master\winpr\libwinpr\utils\wlog\ConsoleAppender.c" "D:\FreeRDP-master\FreeRDP-master\winpr\libwinpr\error\error.c" "D:\FreeRDP-master\FreeRDP-master\winpr\libwinpr\com\com.c" "D:\FreeRDP-master\FreeRDP-master\winpr\libwinpr\timezone\timezone.c" "D:\FreeRDP-master\FreeRDP-master\winpr\libwinpr\sysinfo\sysinfo.c" "D:\FreeRDP-master\FreeRDP-master\winpr\libwinpr\pool\synch.c" "D:\FreeRDP-master\FreeRDP-master\winpr\libwinpr\pool\work.c" "D:\FreeRDP-master\FreeRDP-master\winpr\libwinpr\pool\cleanup_group.c" "D:\FreeRDP-master\FreeRDP-master\winpr\libwinpr\pool\pool.c" "D:\FreeRDP-master\FreeRDP-master\winpr\libwinpr\pool\callback_environment.c" "D:\FreeRDP-master\FreeRDP-master\winpr\libwinpr\pool\callback.c" "D:\FreeRDP-master\FreeRDP-master\winpr\libwinpr\pool\callback_cleanup.c" "D:\FreeRDP-master\FreeRDP-master\winpr\libwinpr\handle\handle.c" "D:\FreeRDP-master\FreeRDP-master\winpr\libwinpr\handle\nonehandle.c" "D:\FreeRDP-master\FreeRDP-master\winpr\libwinpr\thread\argv.c" "D:\FreeRDP-master\FreeRDP-master\winpr\libwinpr\thread\process.c" "D:\FreeRDP-master\FreeRDP-master\winpr\libwinpr\thread\processor.c" "D:\FreeRDP-master\FreeRDP-master\winpr\libwinpr\thread\thread.c" "D:\FreeRDP-master\FreeRDP-master\winpr\libwinpr\thread\tls.c" "D:\FreeRDP-master\FreeRDP-master\winpr\libwinpr\winsock\winsock.c" "D:\FreeRDP-master\FreeRDP-master\winpr\libwinpr\sspi\NTLM\ntlm_av_pairs.c" "D:\FreeRDP-master\FreeRDP-master\winpr\libwinpr\sspi\NTLM\ntlm_compute.c" "D:\FreeRDP-master\FreeRDP-master\winpr\libwinpr\sspi\NTLM\ntlm_message.c" "D:\FreeRDP-master\FreeRDP-master\winpr\libwinpr\sspi\Negotiate\negotiate.c" "D:\FreeRDP-master\FreeRDP-master\winpr\libwinpr\sspi\Schannel\schannel_openssl.c" "D:\FreeRDP-master\FreeRDP-master\winpr\libwinpr\sspi\Schannel\schannel.c" "D:\FreeRDP-master\FreeRDP-master\winpr\libwinpr\sspi\CredSSP\credssp.c" "D:\FreeRDP-master\FreeRDP-master\winpr\libwinpr\sspi\sspi_winpr.c" "D:\FreeRDP-master\FreeRDP-master\winpr\libwinpr\sspi\sspi_export.c" "D:\FreeRDP-master\FreeRDP-master\winpr\libwinpr\sspi\sspi.c" "D:\FreeRDP-master\FreeRDP-master\winpr\libwinpr\winhttp\winhttp.c" "D:\FreeRDP-master\FreeRDP-master\winpr\libwinpr\asn1\asn1.c" "D:\FreeRDP-master\FreeRDP-master\winpr\libwinpr\sspicli\sspicli.c" "D:\FreeRDP-master\FreeRDP-master\winpr\libwinpr\crt\alignment.c" "D:\FreeRDP-master\FreeRDP-master\winpr\libwinpr\crt\conversion.c" "D:\FreeRDP-master\FreeRDP-master\winpr\libwinpr\crt\buffer.c" "D:\FreeRDP-master\FreeRDP-master\winpr\libwinpr\crt\string.c" "D:\FreeRDP-master\FreeRDP-master\winpr\libwinpr\crt\unicode.c" "D:\FreeRDP-master\FreeRDP-master\winpr\libwinpr\crt\utf.c" "D:\FreeRDP-master\FreeRDP-master\winpr\libwinpr\bcrypt\bcrypt.c" "D:\FreeRDP-master\FreeRDP-master\winpr\libwinpr\rpc\rpc.c" "D:\FreeRDP-master\FreeRDP-master\winpr\libwinpr\rpc\ndr.c" "D:\FreeRDP-master\FreeRDP-master\winpr\libwinpr\rpc\ndr_array.c" "D:\FreeRDP-master\FreeRDP-master\winpr\libwinpr\rpc\ndr_context.c" "D:\FreeRDP-master\FreeRDP-master\winpr\libwinpr\rpc\ndr_correlation.c" "D:\FreeRDP-master\FreeRDP-master\winpr\libwinpr\rpc\ndr_pointer.c" "D:\FreeRDP-master\FreeRDP-master\winpr\libwinpr\rpc\ndr_private.c" "D:\FreeRDP-master\FreeRDP-master\winpr\libwinpr\rpc\ndr_simple.c" "D:\FreeRDP-master\FreeRDP-master\winpr\libwinpr\rpc\ndr_string.c" "D:\FreeRDP-master\FreeRDP-master\winpr\libwinpr\rpc\ndr_structure.c" "D:\FreeRDP-master\FreeRDP-master\winpr\libwinpr\rpc\ndr_union.c" "D:\FreeRDP-master\FreeRDP-master\winpr\libwinpr\rpc\midl.c" "D:\FreeRDP-master\FreeRDP-master\winpr\libwinpr\credui\credui.c" "D:\FreeRDP-master\FreeRDP-master\winpr\libwinpr\wtsapi\wtsapi.c" "D:\FreeRDP-master\FreeRDP-master\winpr\libwinpr\wtsapi\wtsapi_win32.c" "D:\FreeRDP-master\FreeRDP-master\winpr\libwinpr\dsparse\dsparse.c" "D:\FreeRDP-master\FreeRDP-master\winpr\libwinpr\wnd\wnd.c" "D:\FreeRDP-master\FreeRDP-master\winpr\libwinpr\smartcard\smartcard.c" "D:\FreeRDP-master\FreeRDP-master\winpr\libwinpr\smartcard\smartcard_pcsc.c" "D:\FreeRDP-master\FreeRDP-master\winpr\libwinpr\smartcard\smartcard_inspect.c" "D:\FreeRDP-master\FreeRDP-master\winpr\libwinpr\smartcard\smartcard_winscard.c" "D:\FreeRDP-master\FreeRDP-master\winpr\libwinpr\nt\nt.c" "D:\FreeRDP-master\FreeRDP-master\winpr\libwinpr\clipboard\synthetic.c" "D:\FreeRDP-master\FreeRDP-master\winpr\libwinpr\clipboard\clipboard.c"
         address.c
         barrier.c
         condition.c
         critical.c
         event.c
         init.c
         mutex.c
         semaphore.c
         sleep.c
         srw.c
         wait.c
         locale.c
         library.c
         generic.c
         namedPipeClient.c
         pattern.c
         file.c
     1>D:\FreeRDP-master\FreeRDP-master\winpr\libwinpr\file\file.c(234): warning C4013: '_get_osfhandle' undefined; assuming extern returning int
         pipe.c
         interlocked.c
         security.c
         Generating Code...
         Compiling...
         environment.c
     1>D:\FreeRDP-master\FreeRDP-master\winpr\libwinpr\environment\environment.c(323): warning C4267: '=' : conversion from 'size_t' to 'int', possible loss of data
     1>D:\FreeRDP-master\FreeRDP-master\winpr\libwinpr\environment\environment.c(334): warning C4090: 'function' : different 'const' qualifiers
     1>D:\FreeRDP-master\FreeRDP-master\winpr\libwinpr\environment\environment.c(352): warning C4090: 'function' : different 'const' qualifiers
     1>D:\FreeRDP-master\FreeRDP-master\winpr\libwinpr\environment\environment.c(361): warning C4267: '=' : conversion from 'size_t' to 'int', possible loss of data
     1>D:\FreeRDP-master\FreeRDP-master\winpr\libwinpr\environment\environment.c(363): warning C4018: '>' : signed/unsigned mismatch
     1>D:\FreeRDP-master\FreeRDP-master\winpr\libwinpr\environment\environment.c(372): warning C4090: 'function' : different 'const' qualifiers
     1>D:\FreeRDP-master\FreeRDP-master\winpr\libwinpr\environment\environment.c(387): warning C4267: '=' : conversion from 'size_t' to 'int', possible loss of data
     1>D:\FreeRDP-master\FreeRDP-master\winpr\libwinpr\environment\environment.c(403): warning C4018: '>' : signed/unsigned mismatch
     1>D:\FreeRDP-master\FreeRDP-master\winpr\libwinpr\environment\environment.c(412): warning C4090: 'function' : different 'const' qualifiers
     1>D:\FreeRDP-master\FreeRDP-master\winpr\libwinpr\environment\environment.c(444): warning C4267: '=' : conversion from 'size_t' to 'int', possible loss of data
     1>D:\FreeRDP-master\FreeRDP-master\winpr\libwinpr\environment\environment.c(446): warning C4018: '>' : signed/unsigned mismatch
     1>D:\FreeRDP-master\FreeRDP-master\winpr\libwinpr\environment\environment.c(455): warning C4090: 'function' : different 'const' qualifiers
     1>D:\FreeRDP-master\FreeRDP-master\winpr\libwinpr\environment\environment.c(488): warning C4267: '=' : conversion from 'size_t' to 'int', possible loss of data
     1>D:\FreeRDP-master\FreeRDP-master\winpr\libwinpr\environment\environment.c(495): warning C4267: '=' : conversion from 'size_t' to 'int', possible loss of data
     1>D:\FreeRDP-master\FreeRDP-master\winpr\libwinpr\environment\environment.c(504): warning C4244: '=' : conversion from '__int64' to 'int', possible loss of data
     1>D:\FreeRDP-master\FreeRDP-master\winpr\libwinpr\environment\environment.c(524): warning C4267: '=' : conversion from 'size_t' to 'int', possible loss of data
     1>D:\FreeRDP-master\FreeRDP-master\winpr\libwinpr\environment\environment.c(526): warning C4018: '>' : signed/unsigned mismatch
     1>D:\FreeRDP-master\FreeRDP-master\winpr\libwinpr\environment\environment.c(545): warning C4267: '=' : conversion from 'size_t' to 'int', possible loss of data
     1>D:\FreeRDP-master\FreeRDP-master\winpr\libwinpr\environment\environment.c(555): warning C4267: '=' : conversion from 'size_t' to 'int', possible loss of data
         hash.c
     1>D:\FreeRDP-master\FreeRDP-master\winpr\libwinpr\crypto\hash.c(280): warning C4267: 'function' : conversion from 'size_t' to 'int', possible loss of data
         rand.c
     1>D:\FreeRDP-master\FreeRDP-master\winpr\libwinpr\crypto\rand.c(41): warning C4267: 'function' : conversion from 'size_t' to 'int', possible loss of data
     1>D:\FreeRDP-master\FreeRDP-master\winpr\libwinpr\crypto\rand.c(58): warning C4267: 'function' : conversion from 'size_t' to 'int', possible loss of data
         cipher.c
     1>D:\FreeRDP-master\FreeRDP-master\winpr\libwinpr\crypto\cipher.c(49): warning C4267: 'function' : conversion from 'size_t' to 'int', possible loss of data
     1>D:\FreeRDP-master\FreeRDP-master\winpr\libwinpr\crypto\cipher.c(544): warning C4267: 'function' : conversion from 'size_t' to 'int', possible loss of data
         cert.c
         crypto.c
         registry_reg.c
     1>D:\FreeRDP-master\FreeRDP-master\winpr\libwinpr\registry\registry_reg.c(138): warning C4244: '=' : conversion from '__int64' to 'int', possible loss of data
     1>D:\FreeRDP-master\FreeRDP-master\winpr\libwinpr\registry\registry_reg.c(219): warning C4267: '=' : conversion from 'size_t' to 'int', possible loss of data
     1>D:\FreeRDP-master\FreeRDP-master\winpr\libwinpr\registry\registry_reg.c(243): warning C4267: '=' : conversion from 'size_t' to 'int', possible loss of data
     1>D:\FreeRDP-master\FreeRDP-master\winpr\libwinpr\registry\registry_reg.c(273): warning C4244: '=' : conversion from '__int64' to 'int', possible loss of data
         registry.c
         credentials.c
         path.c
     1>d:\freerdp-master\freerdp-master\winpr\libwinpr\path\include/PathAllocCombine.c(47): warning C4133: 'function' : incompatible types - from 'PCWSTR' to 'LPCSTR'
     1>d:\freerdp-master\freerdp-master\winpr\libwinpr\path\include/PathAllocCombine.c(48): warning C4133: 'function' : incompatible types - from 'PCWSTR' to 'LPCSTR'
         device.c
         virtualkey.c
         scancode.c
         keycode.c
         heap.c
         ini.c
     1>D:\FreeRDP-master\FreeRDP-master\winpr\libwinpr\utils\ini.c(40): warning C4267: '=' : conversion from 'size_t' to 'long', possible loss of data
     1>D:\FreeRDP-master\FreeRDP-master\winpr\libwinpr\utils\ini.c(149): warning C4267: '=' : conversion from 'size_t' to 'int', possible loss of data
     1>D:\FreeRDP-master\FreeRDP-master\winpr\libwinpr\utils\ini.c(462): warning C4267: '=' : conversion from 'size_t' to 'int', possible loss of data
     1>D:\FreeRDP-master\FreeRDP-master\winpr\libwinpr\utils\ini.c(476): warning C4267: '=' : conversion from 'size_t' to 'int', possible loss of data
     1>D:\FreeRDP-master\FreeRDP-master\winpr\libwinpr\utils\ini.c(508): warning C4267: '=' : conversion from 'size_t' to 'int', possible loss of data
     1>D:\FreeRDP-master\FreeRDP-master\winpr\libwinpr\utils\ini.c(522): warning C4267: '=' : conversion from 'size_t' to 'int', possible loss of data
     1>D:\FreeRDP-master\FreeRDP-master\winpr\libwinpr\utils\ini.c(635): warning C4267: '+=' : conversion from 'size_t' to 'int', possible loss of data
     1>D:\FreeRDP-master\FreeRDP-master\winpr\libwinpr\utils\ini.c(640): warning C4267: '+=' : conversion from 'size_t' to 'int', possible loss of data
     1>D:\FreeRDP-master\FreeRDP-master\winpr\libwinpr\utils\ini.c(659): warning C4267: '+=' : conversion from 'size_t' to 'int', possible loss of data
     1>D:\FreeRDP-master\FreeRDP-master\winpr\libwinpr\utils\ini.c(665): warning C4267: '+=' : conversion from 'size_t' to 'int', possible loss of data
     1>D:\FreeRDP-master\FreeRDP-master\winpr\libwinpr\utils\ini.c(689): warning C4267: '=' : conversion from 'size_t' to 'int', possible loss of data
         sam.c
         image.c
         print.c
     1>D:\FreeRDP-master\FreeRDP-master\winpr\libwinpr\utils\print.c(68): warning C4018: '>=' : signed/unsigned mismatch
     1>D:\FreeRDP-master\FreeRDP-master\winpr\libwinpr\utils\print.c(103): warning C4018: '>=' : signed/unsigned mismatch
         stream.c
         Generating Code...
         Compiling...
         debug.c
     1>D:\FreeRDP-master\FreeRDP-master\winpr\libwinpr\utils\debug.c(381): warning C4267: '=' : conversion from 'size_t' to 'ULONG', possible loss of data
     1>D:\FreeRDP-master\FreeRDP-master\winpr\libwinpr\utils\debug.c(444): warning C4267: 'function' : conversion from 'size_t' to 'unsigned int', possible loss of data
         winpr.c
         cmdline.c
     1>D:\FreeRDP-master\FreeRDP-master\winpr\libwinpr\utils\cmdline.c(118): warning C4267: '=' : conversion from 'size_t' to 'int', possible loss of data
     1>D:\FreeRDP-master\FreeRDP-master\winpr\libwinpr\utils\cmdline.c(201): warning C4244: '=' : conversion from '__int64' to 'int', possible loss of data
     1>D:\FreeRDP-master\FreeRDP-master\winpr\libwinpr\utils\cmdline.c(203): warning C4244: '=' : conversion from '__int64' to 'int', possible loss of data
     1>D:\FreeRDP-master\FreeRDP-master\winpr\libwinpr\utils\cmdline.c(281): warning C4267: '=' : conversion from 'size_t' to 'int', possible loss of data
         ssl.c
         Queue.c
         Stack.c
         PubSub.c
         BipBuffer.c
     1>D:\FreeRDP-master\FreeRDP-master\winpr\libwinpr\utils\collections\BipBuffer.c(263): warning C4267: '+=' : conversion from 'size_t' to 'int', possible loss of data
     1>D:\FreeRDP-master\FreeRDP-master\winpr\libwinpr\utils\collections\BipBuffer.c(280): warning C4267: '+=' : conversion from 'size_t' to 'int', possible loss of data
     1>D:\FreeRDP-master\FreeRDP-master\winpr\libwinpr\utils\collections\BipBuffer.c(373): warning C4267: '+=' : conversion from 'size_t' to 'int', possible loss of data
     1>D:\FreeRDP-master\FreeRDP-master\winpr\libwinpr\utils\collections\BipBuffer.c(390): warning C4267: '+=' : conversion from 'size_t' to 'int', possible loss of data
         BitStream.c
     1>D:\FreeRDP-master\FreeRDP-master\winpr\libwinpr\utils\collections\BitStream.c(183): warning C4018: '>=' : signed/unsigned mismatch
     1>D:\FreeRDP-master\FreeRDP-master\winpr\libwinpr\utils\collections\BitStream.c(188): warning C4018: '>=' : signed/unsigned mismatch
         Reference.c
         ArrayList.c
     1>D:\FreeRDP-master\FreeRDP-master\winpr\libwinpr\utils\collections\ArrayList.c(216): warning C4018: '<' : signed/unsigned mismatch
         Dictionary.c
         LinkedList.c
         HashTable.c
         ListDictionary.c
         KeyValuePair.c
         CountdownEvent.c
         BufferPool.c
         ObjectPool.c
         StreamPool.c
         Generating Code...
         Compiling...
         MessageQueue.c
         MessagePipe.c
         lodepng.c
     1>D:\FreeRDP-master\FreeRDP-master\winpr\libwinpr\utils\lodepng\lodepng.c(781): warning C4267: 'function' : conversion from 'size_t' to 'unsigned int', possible loss of data
     1>D:\FreeRDP-master\FreeRDP-master\winpr\libwinpr\utils\lodepng\lodepng.c(793): warning C4267: '=' : conversion from 'size_t' to 'unsigned int', possible loss of data
     1>D:\FreeRDP-master\FreeRDP-master\winpr\libwinpr\utils\lodepng\lodepng.c(811): warning C4267: 'function' : conversion from 'size_t' to 'unsigned int', possible loss of data
     1>D:\FreeRDP-master\FreeRDP-master\winpr\libwinpr\utils\lodepng\lodepng.c(1430): warning C4267: '=' : conversion from 'size_t' to 'int', possible loss of data
     1>D:\FreeRDP-master\FreeRDP-master\winpr\libwinpr\utils\lodepng\lodepng.c(1434): warning C4267: '=' : conversion from 'size_t' to 'int', possible loss of data
     1>D:\FreeRDP-master\FreeRDP-master\winpr\libwinpr\utils\lodepng\lodepng.c(1454): warning C4267: 'initializing' : conversion from 'size_t' to 'unsigned int', possible loss of data
     1>D:\FreeRDP-master\FreeRDP-master\winpr\libwinpr\utils\lodepng\lodepng.c(1472): warning C4267: '=' : conversion from 'size_t' to 'unsigned int', possible loss of data
     1>D:\FreeRDP-master\FreeRDP-master\winpr\libwinpr\utils\lodepng\lodepng.c(1506): warning C4267: '=' : conversion from 'size_t' to 'unsigned int', possible loss of data
     1>D:\FreeRDP-master\FreeRDP-master\winpr\libwinpr\utils\lodepng\lodepng.c(3442): warning C4334: '<<' : result of 32-bit shift implicitly converted to 64 bits (was 64-bit shift intended?)
     1>D:\FreeRDP-master\FreeRDP-master\winpr\libwinpr\utils\lodepng\lodepng.c(3448): warning C4267: 'function' : conversion from 'size_t' to 'unsigned int', possible loss of data
     1>D:\FreeRDP-master\FreeRDP-master\winpr\libwinpr\utils\lodepng\lodepng.c(4241): warning C4267: '=' : conversion from 'size_t' to 'unsigned int', possible loss of data
     1>D:\FreeRDP-master\FreeRDP-master\winpr\libwinpr\utils\lodepng\lodepng.c(4289): warning C4267: '=' : conversion from 'size_t' to 'unsigned int', possible loss of data
     1>D:\FreeRDP-master\FreeRDP-master\winpr\libwinpr\utils\lodepng\lodepng.c(4369): warning C4267: '=' : conversion from 'size_t' to 'unsigned int', possible loss of data
     1>D:\FreeRDP-master\FreeRDP-master\winpr\libwinpr\utils\lodepng\lodepng.c(5305): warning C4267: 'initializing' : conversion from 'size_t' to 'unsigned int', possible loss of data
         trio.c
     1>D:\FreeRDP-master\FreeRDP-master\winpr\libwinpr\utils\trio\trio.c(2775): warning C4267: '=' : conversion from 'size_t' to 'int', possible loss of data
     1>D:\FreeRDP-master\FreeRDP-master\winpr\libwinpr\utils\trio\trio.c(2779): warning C4267: '=' : conversion from 'size_t' to 'int', possible loss of data
     1>D:\FreeRDP-master\FreeRDP-master\winpr\libwinpr\utils\trio\trio.c(3965): warning C4267: '=' : conversion from 'size_t' to 'int', possible loss of data
     1>D:\FreeRDP-master\FreeRDP-master\winpr\libwinpr\utils\trio\trio.c(5746): warning C4267: '=' : conversion from 'size_t' to 'int', possible loss of data
     1>D:\FreeRDP-master\FreeRDP-master\winpr\libwinpr\utils\trio\trio.c(5781): warning C4267: '=' : conversion from 'size_t' to 'int', possible loss of data
     1>D:\FreeRDP-master\FreeRDP-master\winpr\libwinpr\utils\trio\trio.c(7161): warning C4267: '=' : conversion from 'size_t' to 'int', possible loss of data
         trionan.c
         triostr.c
     1>D:\FreeRDP-master\FreeRDP-master\winpr\libwinpr\utils\trio\triostr.c(960): warning C4267: 'return' : conversion from 'size_t' to 'int', possible loss of data
     1>D:\FreeRDP-master\FreeRDP-master\winpr\libwinpr\utils\trio\triostr.c(1509): warning C4267: 'return' : conversion from 'size_t' to 'int', possible loss of data
     1>D:\FreeRDP-master\FreeRDP-master\winpr\libwinpr\utils\trio\triostr.c(1622): warning C4267: '=' : conversion from 'size_t' to 'int', possible loss of data
     1>D:\FreeRDP-master\FreeRDP-master\winpr\libwinpr\utils\trio\triostr.c(1627): warning C4267: '+=' : conversion from 'size_t' to 'int', possible loss of data
     1>D:\FreeRDP-master\FreeRDP-master\winpr\libwinpr\utils\trio\triostr.c(1710): warning C4267: 'return' : conversion from 'size_t' to 'int', possible loss of data
     1>D:\FreeRDP-master\FreeRDP-master\winpr\libwinpr\utils\trio\triostr.c(2233): warning C4267: 'return' : conversion from 'size_t' to 'int', possible loss of data
         wlog.c
     1>D:\FreeRDP-master\FreeRDP-master\winpr\libwinpr\utils\wlog\wlog.c(379): warning C4018: '<' : signed/unsigned mismatch
     1>D:\FreeRDP-master\FreeRDP-master\winpr\libwinpr\utils\wlog\wlog.c(445): warning C4090: 'function' : different 'const' qualifiers
     1>D:\FreeRDP-master\FreeRDP-master\winpr\libwinpr\utils\wlog\wlog.c(456): warning C4090: 'function' : different 'const' qualifiers
     1>D:\FreeRDP-master\FreeRDP-master\winpr\libwinpr\utils\wlog\wlog.c(462): warning C4090: 'function' : different 'const' qualifiers
     1>D:\FreeRDP-master\FreeRDP-master\winpr\libwinpr\utils\wlog\wlog.c(540): warning C4018: '<' : signed/unsigned mismatch
         Layout.c
         Message.c
         TextMessage.c
         DataMessage.c
         ImageMessage.c
         PacketMessage.c
         Appender.c
         FileAppender.c
         BinaryAppender.c
     1>D:\FreeRDP-master\FreeRDP-master\winpr\libwinpr\utils\wlog\BinaryAppender.c(144): warning C4267: '=' : conversion from 'size_t' to 'int', possible loss of data
     1>D:\FreeRDP-master\FreeRDP-master\winpr\libwinpr\utils\wlog\BinaryAppender.c(145): warning C4267: '=' : conversion from 'size_t' to 'int', possible loss of data
     1>D:\FreeRDP-master\FreeRDP-master\winpr\libwinpr\utils\wlog\BinaryAppender.c(146): warning C4267: '=' : conversion from 'size_t' to 'int', possible loss of data
         CallbackAppender.c
         ConsoleAppender.c
         error.c
         com.c
         Generating Code...
         Compiling...
         timezone.c
         sysinfo.c
         synch.c
         work.c
         cleanup_group.c
         pool.c
         callback_environment.c
         callback.c
         callback_cleanup.c
         handle.c
         nonehandle.c
         argv.c
     1>D:\FreeRDP-master\FreeRDP-master\winpr\libwinpr\thread\argv.c(118): warning C4267: '=' : conversion from 'size_t' to 'int', possible loss of data
     1>D:\FreeRDP-master\FreeRDP-master\winpr\libwinpr\thread\argv.c(143): warning C4267: '=' : conversion from 'size_t' to 'int', possible loss of data
     1>D:\FreeRDP-master\FreeRDP-master\winpr\libwinpr\thread\argv.c(163): warning C4244: '=' : conversion from '__int64' to 'int', possible loss of data
     1>D:\FreeRDP-master\FreeRDP-master\winpr\libwinpr\thread\argv.c(164): warning C4244: '=' : conversion from '__int64' to 'int', possible loss of data
     1>D:\FreeRDP-master\FreeRDP-master\winpr\libwinpr\thread\argv.c(188): warning C4267: '=' : conversion from 'size_t' to 'int', possible loss of data
     1>D:\FreeRDP-master\FreeRDP-master\winpr\libwinpr\thread\argv.c(197): warning C4267: '=' : conversion from 'size_t' to 'int', possible loss of data
     1>D:\FreeRDP-master\FreeRDP-master\winpr\libwinpr\thread\argv.c(221): warning C4267: '=' : conversion from 'size_t' to 'int', possible loss of data
     1>D:\FreeRDP-master\FreeRDP-master\winpr\libwinpr\thread\argv.c(237): warning C4244: '=' : conversion from '__int64' to 'int', possible loss of data
     1>D:\FreeRDP-master\FreeRDP-master\winpr\libwinpr\thread\argv.c(249): warning C4267: '=' : conversion from 'size_t' to 'int', possible loss of data
     1>D:\FreeRDP-master\FreeRDP-master\winpr\libwinpr\thread\argv.c(273): warning C4267: '=' : conversion from 'size_t' to 'int', possible loss of data
     1>D:\FreeRDP-master\FreeRDP-master\winpr\libwinpr\thread\argv.c(300): warning C4244: '=' : conversion from '__int64' to 'int', possible loss of data
         process.c
         processor.c
         thread.c
         tls.c
         winsock.c
         ntlm_av_pairs.c
     1>D:\FreeRDP-master\FreeRDP-master\winpr\libwinpr\sspi\NTLM\ntlm_av_pairs.c(77): warning C4267: '=' : conversion from 'size_t' to 'ULONG', possible loss of data
         ntlm_compute.c
     1>D:\FreeRDP-master\FreeRDP-master\winpr\libwinpr\sspi\NTLM\ntlm_compute.c(59): warning C4996: 'GetVersionExA': was declared deprecated
                 C:\Program Files (x86)\Windows Kits\8.1\Include\um\sysinfoapi.h(433) : see declaration of 'GetVersionExA'
         ntlm_message.c
     1>D:\FreeRDP-master\FreeRDP-master\winpr\libwinpr\sspi\NTLM\ntlm_message.c(238): warning C4244: '=' : conversion from '__int64' to 'int', possible loss of data
     1>D:\FreeRDP-master\FreeRDP-master\winpr\libwinpr\sspi\NTLM\ntlm_message.c(314): warning C4244: '=' : conversion from '__int64' to 'int', possible loss of data
     1>D:\FreeRDP-master\FreeRDP-master\winpr\libwinpr\sspi\NTLM\ntlm_message.c(415): warning C4244: '=' : conversion from '__int64' to 'int', possible loss of data
     1>D:\FreeRDP-master\FreeRDP-master\winpr\libwinpr\sspi\NTLM\ntlm_message.c(567): warning C4244: '=' : conversion from '__int64' to 'int', possible loss of data
     1>D:\FreeRDP-master\FreeRDP-master\winpr\libwinpr\sspi\NTLM\ntlm_message.c(645): warning C4244: '=' : conversion from '__int64' to 'UINT32', possible loss of data
     1>D:\FreeRDP-master\FreeRDP-master\winpr\libwinpr\sspi\NTLM\ntlm_message.c(696): warning C4244: '=' : conversion from '__int64' to 'int', possible loss of data
     1>D:\FreeRDP-master\FreeRDP-master\winpr\libwinpr\sspi\NTLM\ntlm_message.c(892): warning C4244: '=' : conversion from '__int64' to 'int', possible loss of data
         Generating Code...
         Compiling...
         negotiate.c
         schannel_openssl.c
         schannel.c
         credssp.c
         sspi_winpr.c
         sspi_export.c
         sspi.c
         winhttp.c
         asn1.c
         sspicli.c
         alignment.c
         conversion.c
         buffer.c
         string.c
     1>D:\FreeRDP-master\FreeRDP-master\winpr\libwinpr\crt\string.c(412): warning C4244: '=' : conversion from '__int64' to 'int', possible loss of data
     1>D:\FreeRDP-master\FreeRDP-master\winpr\libwinpr\crt\string.c(461): warning C4244: '=' : conversion from '__int64' to 'int', possible loss of data
         unicode.c
     1>D:\FreeRDP-master\FreeRDP-master\winpr\libwinpr\crt\unicode.c(292): warning C4267: '=' : conversion from 'size_t' to 'int', possible loss of data
     1>D:\FreeRDP-master\FreeRDP-master\winpr\libwinpr\crt\unicode.c(338): warning C4267: '=' : conversion from 'size_t' to 'int', possible loss of data
         utf.c
         bcrypt.c
         rpc.c
         ndr.c
         ndr_array.c
         Generating Code...
         Compiling...
         ndr_context.c
         ndr_correlation.c
         ndr_pointer.c
         ndr_private.c
         ndr_simple.c
         ndr_string.c
         ndr_structure.c
         ndr_union.c
         midl.c
         credui.c
         wtsapi.c
         wtsapi_win32.c
         dsparse.c
         wnd.c
         smartcard.c
         smartcard_pcsc.c
         smartcard_inspect.c
         smartcard_winscard.c
         nt.c
         synthetic.c
         Generating Code...
         Compiling...
         clipboard.c
         Generating Code...
         C:\Program Files (x86)\Microsoft Visual Studio 12.0\VC\bin\x86_amd64\CL.exe /c /ID:\freerdp /ID:\freerdp\include /I"D:\FreeRDP-master\FreeRDP-master\include" /I"D:\FreeRDP-master\FreeRDP-master\winpr\include" /ID:\freerdp\winpr\include /I"D:\FreeRDP-master\FreeRDP-master\winpr\libwinpr\utils\lodepng" /I"D:\FreeRDP-master\FreeRDP-master\winpr\libwinpr\utils\trio" /I"D:\FreeRDP-master\FreeRDP-master\winpr\libwinpr\utils\." /I"C:\OpenSSL-Win64\include" /Zi /nologo /W3 /WX- /Od /Ob2 /D WIN32 /D _WINDOWS /D _AMD64_ /D UNICODE /D _UNICODE /D _CRT_SECURE_NO_WARNINGS /D WIN32_LEAN_AND_MEAN /D WINVER=0x0501 /D WIN32_WINNT=0x0501 /D WINPR_EXPORTS /D FREERDP_EXPORTS /D WINPR_EXPORTS /D _DEBUG /D WITH_OPENSSL /D HAVE_CONFIG_H /D "CMAKE_INTDIR=\"Debug\"" /D winpr_EXPORTS /D _WINDLL /D _UNICODE /D UNICODE /Gm- /RTC1 /MDd /GS /fp:precise /Zc:wchar_t /Zc:forScope /Fo"winpr.dir\Debug\/synch/timer.c.obj" /Fd"winpr.dir\Debug\vc120.pdb" /Gd /TC /errorReport:prompt "D:\FreeRDP-master\FreeRDP-master\winpr\libwinpr\synch\timer.c"
         timer.c
         C:\Program Files (x86)\Microsoft Visual Studio 12.0\VC\bin\x86_amd64\CL.exe /c /ID:\freerdp /ID:\freerdp\include /I"D:\FreeRDP-master\FreeRDP-master\include" /I"D:\FreeRDP-master\FreeRDP-master\winpr\include" /ID:\freerdp\winpr\include /I"D:\FreeRDP-master\FreeRDP-master\winpr\libwinpr\utils\lodepng" /I"D:\FreeRDP-master\FreeRDP-master\winpr\libwinpr\utils\trio" /I"D:\FreeRDP-master\FreeRDP-master\winpr\libwinpr\utils\." /I"C:\OpenSSL-Win64\include" /Zi /nologo /W3 /WX- /Od /Ob2 /D WIN32 /D _WINDOWS /D _AMD64_ /D UNICODE /D _UNICODE /D _CRT_SECURE_NO_WARNINGS /D WIN32_LEAN_AND_MEAN /D WINVER=0x0501 /D WIN32_WINNT=0x0501 /D WINPR_EXPORTS /D FREERDP_EXPORTS /D WINPR_EXPORTS /D _DEBUG /D WITH_OPENSSL /D HAVE_CONFIG_H /D "CMAKE_INTDIR=\"Debug\"" /D winpr_EXPORTS /D _WINDLL /D _UNICODE /D UNICODE /Gm- /RTC1 /MDd /GS /fp:precise /Zc:wchar_t /Zc:forScope /Fo"winpr.dir\Debug\/path/shell.c.obj" /Fd"winpr.dir\Debug\vc120.pdb" /Gd /TC /errorReport:prompt "D:\FreeRDP-master\FreeRDP-master\winpr\libwinpr\path\shell.c"
         shell.c
     1>D:\FreeRDP-master\FreeRDP-master\winpr\libwinpr\path\shell.c(397): warning C4267: '=' : conversion from 'size_t' to 'int', possible loss of data
     1>D:\FreeRDP-master\FreeRDP-master\winpr\libwinpr\path\shell.c(399): warning C4267: '=' : conversion from 'size_t' to 'int', possible loss of data
         C:\Program Files (x86)\Microsoft Visual Studio 12.0\VC\bin\x86_amd64\CL.exe /c /ID:\freerdp /ID:\freerdp\include /I"D:\FreeRDP-master\FreeRDP-master\include" /I"D:\FreeRDP-master\FreeRDP-master\winpr\include" /ID:\freerdp\winpr\include /I"D:\FreeRDP-master\FreeRDP-master\winpr\libwinpr\utils\lodepng" /I"D:\FreeRDP-master\FreeRDP-master\winpr\libwinpr\utils\trio" /I"D:\FreeRDP-master\FreeRDP-master\winpr\libwinpr\utils\." /I"C:\OpenSSL-Win64\include" /Zi /nologo /W3 /WX- /Od /Ob2 /D WIN32 /D _WINDOWS /D _AMD64_ /D UNICODE /D _UNICODE /D _CRT_SECURE_NO_WARNINGS /D WIN32_LEAN_AND_MEAN /D WINVER=0x0501 /D WIN32_WINNT=0x0501 /D WINPR_EXPORTS /D FREERDP_EXPORTS /D WINPR_EXPORTS /D _DEBUG /D WITH_OPENSSL /D HAVE_CONFIG_H /D "CMAKE_INTDIR=\"Debug\"" /D winpr_EXPORTS /D _WINDLL /D _UNICODE /D UNICODE /Gm- /RTC1 /MDd /GS /fp:precise /Zc:wchar_t /Zc:forScope /Fo"winpr.dir\Debug\/io/io.c.obj" /Fd"winpr.dir\Debug\vc120.pdb" /Gd /TC /errorReport:prompt "D:\FreeRDP-master\FreeRDP-master\winpr\libwinpr\io\io.c"
         io.c
         C:\Program Files (x86)\Microsoft Visual Studio 12.0\VC\bin\x86_amd64\CL.exe /c /ID:\freerdp /ID:\freerdp\include /I"D:\FreeRDP-master\FreeRDP-master\include" /I"D:\FreeRDP-master\FreeRDP-master\winpr\include" /ID:\freerdp\winpr\include /I"D:\FreeRDP-master\FreeRDP-master\winpr\libwinpr\utils\lodepng" /I"D:\FreeRDP-master\FreeRDP-master\winpr\libwinpr\utils\trio" /I"D:\FreeRDP-master\FreeRDP-master\winpr\libwinpr\utils\." /I"C:\OpenSSL-Win64\include" /Zi /nologo /W3 /WX- /Od /Ob2 /D WIN32 /D _WINDOWS /D _AMD64_ /D UNICODE /D _UNICODE /D _CRT_SECURE_NO_WARNINGS /D WIN32_LEAN_AND_MEAN /D WINVER=0x0501 /D WIN32_WINNT=0x0501 /D WINPR_EXPORTS /D FREERDP_EXPORTS /D WINPR_EXPORTS /D _DEBUG /D WITH_OPENSSL /D HAVE_CONFIG_H /D "CMAKE_INTDIR=\"Debug\"" /D winpr_EXPORTS /D _WINDLL /D _UNICODE /D UNICODE /Gm- /RTC1 /MDd /GS /fp:precise /Zc:wchar_t /Zc:forScope /Fo"winpr.dir\Debug\/memory/memory.c.obj" /Fd"winpr.dir\Debug\vc120.pdb" /Gd /TC /errorReport:prompt "D:\FreeRDP-master\FreeRDP-master\winpr\libwinpr\memory\memory.c"
         memory.c
         C:\Program Files (x86)\Microsoft Visual Studio 12.0\VC\bin\x86_amd64\CL.exe /c /ID:\freerdp /ID:\freerdp\include /I"D:\FreeRDP-master\FreeRDP-master\include" /I"D:\FreeRDP-master\FreeRDP-master\winpr\include" /ID:\freerdp\winpr\include /I"D:\FreeRDP-master\FreeRDP-master\winpr\libwinpr\utils\lodepng" /I"D:\FreeRDP-master\FreeRDP-master\winpr\libwinpr\utils\trio" /I"D:\FreeRDP-master\FreeRDP-master\winpr\libwinpr\utils\." /I"C:\OpenSSL-Win64\include" /Zi /nologo /W3 /WX- /Od /Ob2 /D WIN32 /D _WINDOWS /D _AMD64_ /D UNICODE /D _UNICODE /D _CRT_SECURE_NO_WARNINGS /D WIN32_LEAN_AND_MEAN /D WINVER=0x0501 /D WIN32_WINNT=0x0501 /D WINPR_EXPORTS /D FREERDP_EXPORTS /D WINPR_EXPORTS /D _DEBUG /D WITH_OPENSSL /D HAVE_CONFIG_H /D "CMAKE_INTDIR=\"Debug\"" /D winpr_EXPORTS /D _WINDLL /D _UNICODE /D UNICODE /Gm- /RTC1 /MDd /GS /fp:precise /Zc:wchar_t /Zc:forScope /Fo"winpr.dir\Debug\/shell/shell.c.obj" /Fd"winpr.dir\Debug\vc120.pdb" /Gd /TC /errorReport:prompt "D:\FreeRDP-master\FreeRDP-master\winpr\libwinpr\shell\shell.c"
         shell.c
         C:\Program Files (x86)\Microsoft Visual Studio 12.0\VC\bin\x86_amd64\CL.exe /c /ID:\freerdp /ID:\freerdp\include /I"D:\FreeRDP-master\FreeRDP-master\include" /I"D:\FreeRDP-master\FreeRDP-master\winpr\include" /ID:\freerdp\winpr\include /I"D:\FreeRDP-master\FreeRDP-master\winpr\libwinpr\utils\lodepng" /I"D:\FreeRDP-master\FreeRDP-master\winpr\libwinpr\utils\trio" /I"D:\FreeRDP-master\FreeRDP-master\winpr\libwinpr\utils\." /I"C:\OpenSSL-Win64\include" /Zi /nologo /W3 /WX- /Od /Ob2 /D WIN32 /D _WINDOWS /D _AMD64_ /D UNICODE /D _UNICODE /D _CRT_SECURE_NO_WARNINGS /D WIN32_LEAN_AND_MEAN /D WINVER=0x0501 /D WIN32_WINNT=0x0501 /D WINPR_EXPORTS /D FREERDP_EXPORTS /D WINPR_EXPORTS /D _DEBUG /D WITH_OPENSSL /D HAVE_CONFIG_H /D "CMAKE_INTDIR=\"Debug\"" /D winpr_EXPORTS /D _WINDLL /D _UNICODE /D UNICODE /Gm- /RTC1 /MDd /GS /fp:precise /Zc:wchar_t /Zc:forScope /Fo"winpr.dir\Debug\/utils/ntlm.c.obj" /Fd"winpr.dir\Debug\vc120.pdb" /Gd /TC /errorReport:prompt "D:\FreeRDP-master\FreeRDP-master\winpr\libwinpr\utils\ntlm.c"
         ntlm.c
         C:\Program Files (x86)\Microsoft Visual Studio 12.0\VC\bin\x86_amd64\CL.exe /c /ID:\freerdp /ID:\freerdp\include /I"D:\FreeRDP-master\FreeRDP-master\include" /I"D:\FreeRDP-master\FreeRDP-master\winpr\include" /ID:\freerdp\winpr\include /I"D:\FreeRDP-master\FreeRDP-master\winpr\libwinpr\utils\lodepng" /I"D:\FreeRDP-master\FreeRDP-master\winpr\libwinpr\utils\trio" /I"D:\FreeRDP-master\FreeRDP-master\winpr\libwinpr\utils\." /I"C:\OpenSSL-Win64\include" /Zi /nologo /W3 /WX- /Od /Ob2 /D WIN32 /D _WINDOWS /D _AMD64_ /D UNICODE /D _UNICODE /D _CRT_SECURE_NO_WARNINGS /D WIN32_LEAN_AND_MEAN /D WINVER=0x0501 /D WIN32_WINNT=0x0501 /D WINPR_EXPORTS /D FREERDP_EXPORTS /D WINPR_EXPORTS /D _DEBUG /D WITH_OPENSSL /D HAVE_CONFIG_H /D "CMAKE_INTDIR=\"Debug\"" /D winpr_EXPORTS /D _WINDLL /D _UNICODE /D UNICODE /Gm- /RTC1 /MDd /GS /fp:precise /Zc:wchar_t /Zc:forScope /Fo"winpr.dir\Debug\/pool/timer.c.obj" /Fd"winpr.dir\Debug\vc120.pdb" /Gd /TC /errorReport:prompt "D:\FreeRDP-master\FreeRDP-master\winpr\libwinpr\pool\timer.c"
         timer.c
         C:\Program Files (x86)\Microsoft Visual Studio 12.0\VC\bin\x86_amd64\CL.exe /c /ID:\freerdp /ID:\freerdp\include /I"D:\FreeRDP-master\FreeRDP-master\include" /I"D:\FreeRDP-master\FreeRDP-master\winpr\include" /ID:\freerdp\winpr\include /I"D:\FreeRDP-master\FreeRDP-master\winpr\libwinpr\utils\lodepng" /I"D:\FreeRDP-master\FreeRDP-master\winpr\libwinpr\utils\trio" /I"D:\FreeRDP-master\FreeRDP-master\winpr\libwinpr\utils\." /I"C:\OpenSSL-Win64\include" /Zi /nologo /W3 /WX- /Od /Ob2 /D WIN32 /D _WINDOWS /D _AMD64_ /D UNICODE /D _UNICODE /D _CRT_SECURE_NO_WARNINGS /D WIN32_LEAN_AND_MEAN /D WINVER=0x0501 /D WIN32_WINNT=0x0501 /D WINPR_EXPORTS /D FREERDP_EXPORTS /D WINPR_EXPORTS /D _DEBUG /D WITH_OPENSSL /D HAVE_CONFIG_H /D "CMAKE_INTDIR=\"Debug\"" /D winpr_EXPORTS /D _WINDLL /D _UNICODE /D UNICODE /Gm- /RTC1 /MDd /GS /fp:precise /Zc:wchar_t /Zc:forScope /Fo"winpr.dir\Debug\/pool/io.c.obj" /Fd"winpr.dir\Debug\vc120.pdb" /Gd /TC /errorReport:prompt "D:\FreeRDP-master\FreeRDP-master\winpr\libwinpr\pool\io.c"
         io.c
         C:\Program Files (x86)\Microsoft Visual Studio 12.0\VC\bin\x86_amd64\CL.exe /c /ID:\freerdp /ID:\freerdp\include /I"D:\FreeRDP-master\FreeRDP-master\include" /I"D:\FreeRDP-master\FreeRDP-master\winpr\include" /ID:\freerdp\winpr\include /I"D:\FreeRDP-master\FreeRDP-master\winpr\libwinpr\utils\lodepng" /I"D:\FreeRDP-master\FreeRDP-master\winpr\libwinpr\utils\trio" /I"D:\FreeRDP-master\FreeRDP-master\winpr\libwinpr\utils\." /I"C:\OpenSSL-Win64\include" /Zi /nologo /W3 /WX- /Od /Ob2 /D WIN32 /D _WINDOWS /D _AMD64_ /D UNICODE /D _UNICODE /D _CRT_SECURE_NO_WARNINGS /D WIN32_LEAN_AND_MEAN /D WINVER=0x0501 /D WIN32_WINNT=0x0501 /D WINPR_EXPORTS /D FREERDP_EXPORTS /D WINPR_EXPORTS /D _DEBUG /D WITH_OPENSSL /D HAVE_CONFIG_H /D "CMAKE_INTDIR=\"Debug\"" /D winpr_EXPORTS /D _WINDLL /D _UNICODE /D UNICODE /Gm- /RTC1 /MDd /GS /fp:precise /Zc:wchar_t /Zc:forScope /Fo"winpr.dir\Debug\/sspi/NTLM/ntlm.c.obj" /Fd"winpr.dir\Debug\vc120.pdb" /Gd /TC /errorReport:prompt "D:\FreeRDP-master\FreeRDP-master\winpr\libwinpr\sspi\NTLM\ntlm.c"
         ntlm.c
     1>D:\FreeRDP-master\FreeRDP-master\winpr\libwinpr\sspi\NTLM\ntlm.c(83): warning C4267: '=' : conversion from 'size_t' to 'USHORT', possible loss of data
         C:\Program Files (x86)\Microsoft Visual Studio 12.0\VC\bin\x86_amd64\CL.exe /c /ID:\freerdp /ID:\freerdp\include /I"D:\FreeRDP-master\FreeRDP-master\include" /I"D:\FreeRDP-master\FreeRDP-master\winpr\include" /ID:\freerdp\winpr\include /I"D:\FreeRDP-master\FreeRDP-master\winpr\libwinpr\utils\lodepng" /I"D:\FreeRDP-master\FreeRDP-master\winpr\libwinpr\utils\trio" /I"D:\FreeRDP-master\FreeRDP-master\winpr\libwinpr\utils\." /I"C:\OpenSSL-Win64\include" /Zi /nologo /W3 /WX- /Od /Ob2 /D WIN32 /D _WINDOWS /D _AMD64_ /D UNICODE /D _UNICODE /D _CRT_SECURE_NO_WARNINGS /D WIN32_LEAN_AND_MEAN /D WINVER=0x0501 /D WIN32_WINNT=0x0501 /D WINPR_EXPORTS /D FREERDP_EXPORTS /D WINPR_EXPORTS /D _DEBUG /D WITH_OPENSSL /D HAVE_CONFIG_H /D "CMAKE_INTDIR=\"Debug\"" /D winpr_EXPORTS /D _WINDLL /D _UNICODE /D UNICODE /Gm- /RTC1 /MDd /GS /fp:precise /Zc:wchar_t /Zc:forScope /Fo"winpr.dir\Debug\/crt/memory.c.obj" /Fd"winpr.dir\Debug\vc120.pdb" /Gd /TC /errorReport:prompt "D:\FreeRDP-master\FreeRDP-master\winpr\libwinpr\crt\memory.c"
         memory.c
       ResourceCompile:
         C:\Program Files (x86)\Windows Kits\8.1\bin\x86\rc.exe /D WIN32 /D _WINDOWS /D _AMD64_ /D UNICODE /D _UNICODE /D _CRT_SECURE_NO_WARNINGS /D WIN32_LEAN_AND_MEAN /D WINVER=0x0501 /D WIN32_WINNT=0x0501 /D WINPR_EXPORTS /D FREERDP_EXPORTS /D WINPR_EXPORTS /D _DEBUG /D WITH_OPENSSL /D HAVE_CONFIG_H /D "CMAKE_INTDIR=\\\"Debug\\\"" /D winpr_EXPORTS /D _UNICODE /D UNICODE /l"0x0409" /ID:\freerdp /ID:\freerdp\include /I"D:\FreeRDP-master\FreeRDP-master\include" /I"D:\FreeRDP-master\FreeRDP-master\winpr\include" /ID:\freerdp\winpr\include /I"D:\FreeRDP-master\FreeRDP-master\winpr\libwinpr\utils\lodepng" /I"D:\FreeRDP-master\FreeRDP-master\winpr\libwinpr\utils\trio" /I"D:\FreeRDP-master\FreeRDP-master\winpr\libwinpr\utils\." /I"C:\OpenSSL-Win64\include" /nologo /fo"winpr.dir\Debug\version.res" D:\freerdp\winpr\libwinpr\version.rc 
       Link:
         C:\Program Files (x86)\Microsoft Visual Studio 12.0\VC\bin\x86_amd64\link.exe /ERRORREPORT:PROMPT /OUT:"D:\freerdp\Debug\winpr.dll" /INCREMENTAL /NOLOGO kernel32.lib user32.lib gdi32.lib winspool.lib shell32.lib ole32.lib oleaut32.lib uuid.lib comdlg32.lib advapi32.lib ntdsapi.lib crypt32.lib "C:\OpenSSL-Win64\lib\VC\ssleay32MD.lib" "C:\OpenSSL-Win64\lib\VC\libeay32MD.lib" Dbghelp.lib ws2_32.lib rpcrt4.lib credui.lib /MANIFEST /MANIFESTUAC:"level='asInvoker' uiAccess='false'" /manifest:embed /DEBUG /PDB:"D:/freerdp/Debug/winpr.pdb" /SUBSYSTEM:CONSOLE /TLBID:1 /DYNAMICBASE /NXCOMPAT /IMPLIB:"D:/freerdp/Debug/winpr.lib" /MACHINE:X64  /machine:x64 /debug /DLL winpr.dir\Debug\version.res
         winpr.dir\Debug\address.obj
         winpr.dir\Debug\barrier.obj
         winpr.dir\Debug\condition.obj
         winpr.dir\Debug\critical.obj
         winpr.dir\Debug\event.obj
         winpr.dir\Debug\init.obj
         winpr.dir\Debug\mutex.obj
         winpr.dir\Debug\semaphore.obj
         winpr.dir\Debug\sleep.obj
         winpr.dir\Debug\srw.obj
         winpr.dir\Debug\wait.obj
         winpr.dir\Debug\locale.obj
         winpr.dir\Debug\library.obj
         winpr.dir\Debug\generic.obj
         winpr.dir\Debug\namedPipeClient.obj
         winpr.dir\Debug\pattern.obj
         winpr.dir\Debug\file.obj
         winpr.dir\Debug\pipe.obj
         winpr.dir\Debug\interlocked.obj
         winpr.dir\Debug\security.obj
         winpr.dir\Debug\environment.obj
         winpr.dir\Debug\hash.obj
         winpr.dir\Debug\rand.obj
         winpr.dir\Debug\cipher.obj
         winpr.dir\Debug\cert.obj
         winpr.dir\Debug\crypto.obj
         winpr.dir\Debug\registry_reg.obj
         winpr.dir\Debug\registry.obj
         winpr.dir\Debug\credentials.obj
         winpr.dir\Debug\path.obj
         winpr.dir\Debug\device.obj
         winpr.dir\Debug\virtualkey.obj
         winpr.dir\Debug\scancode.obj
         winpr.dir\Debug\keycode.obj
         winpr.dir\Debug\heap.obj
         winpr.dir\Debug\ini.obj
         winpr.dir\Debug\sam.obj
         winpr.dir\Debug\image.obj
         winpr.dir\Debug\print.obj
         winpr.dir\Debug\stream.obj
         winpr.dir\Debug\debug.obj
         winpr.dir\Debug\winpr.obj
         winpr.dir\Debug\cmdline.obj
         winpr.dir\Debug\ssl.obj
         winpr.dir\Debug\Queue.obj
         winpr.dir\Debug\Stack.obj
         winpr.dir\Debug\PubSub.obj
         winpr.dir\Debug\BipBuffer.obj
         winpr.dir\Debug\BitStream.obj
         winpr.dir\Debug\Reference.obj
         winpr.dir\Debug\ArrayList.obj
         winpr.dir\Debug\Dictionary.obj
         winpr.dir\Debug\LinkedList.obj
         winpr.dir\Debug\HashTable.obj
         winpr.dir\Debug\ListDictionary.obj
         winpr.dir\Debug\KeyValuePair.obj
         winpr.dir\Debug\CountdownEvent.obj
         winpr.dir\Debug\BufferPool.obj
         winpr.dir\Debug\ObjectPool.obj
         winpr.dir\Debug\StreamPool.obj
         winpr.dir\Debug\MessageQueue.obj
         winpr.dir\Debug\MessagePipe.obj
         winpr.dir\Debug\lodepng.obj
         winpr.dir\Debug\trio.obj
         winpr.dir\Debug\trionan.obj
         winpr.dir\Debug\triostr.obj
         winpr.dir\Debug\wlog.obj
         winpr.dir\Debug\Layout.obj
         winpr.dir\Debug\Message.obj
         winpr.dir\Debug\TextMessage.obj
         winpr.dir\Debug\DataMessage.obj
         winpr.dir\Debug\ImageMessage.obj
         winpr.dir\Debug\PacketMessage.obj
         winpr.dir\Debug\Appender.obj
         winpr.dir\Debug\FileAppender.obj
         winpr.dir\Debug\BinaryAppender.obj
         winpr.dir\Debug\CallbackAppender.obj
         winpr.dir\Debug\ConsoleAppender.obj
         winpr.dir\Debug\error.obj
         winpr.dir\Debug\com.obj
         winpr.dir\Debug\timezone.obj
         winpr.dir\Debug\sysinfo.obj
         winpr.dir\Debug\synch.obj
         winpr.dir\Debug\work.obj
         winpr.dir\Debug\cleanup_group.obj
         winpr.dir\Debug\pool.obj
         winpr.dir\Debug\callback_environment.obj
         winpr.dir\Debug\callback.obj
         winpr.dir\Debug\callback_cleanup.obj
         winpr.dir\Debug\handle.obj
         winpr.dir\Debug\nonehandle.obj
         winpr.dir\Debug\argv.obj
         winpr.dir\Debug\process.obj
         winpr.dir\Debug\processor.obj
         winpr.dir\Debug\thread.obj
         winpr.dir\Debug\tls.obj
         winpr.dir\Debug\winsock.obj
         winpr.dir\Debug\ntlm_av_pairs.obj
         winpr.dir\Debug\ntlm_compute.obj
         winpr.dir\Debug\ntlm_message.obj
         winpr.dir\Debug\negotiate.obj
         winpr.dir\Debug\schannel_openssl.obj
         winpr.dir\Debug\schannel.obj
         winpr.dir\Debug\credssp.obj
         winpr.dir\Debug\sspi_winpr.obj
         winpr.dir\Debug\sspi_export.obj
         winpr.dir\Debug\sspi.obj
         winpr.dir\Debug\winhttp.obj
         winpr.dir\Debug\asn1.obj
         winpr.dir\Debug\sspicli.obj
         winpr.dir\Debug\alignment.obj
         winpr.dir\Debug\conversion.obj
         winpr.dir\Debug\buffer.obj
         winpr.dir\Debug\string.obj
         winpr.dir\Debug\unicode.obj
         winpr.dir\Debug\utf.obj
         winpr.dir\Debug\bcrypt.obj
         winpr.dir\Debug\rpc.obj
         winpr.dir\Debug\ndr.obj
         winpr.dir\Debug\ndr_array.obj
         winpr.dir\Debug\ndr_context.obj
         winpr.dir\Debug\ndr_correlation.obj
         winpr.dir\Debug\ndr_pointer.obj
         winpr.dir\Debug\ndr_private.obj
         winpr.dir\Debug\ndr_simple.obj
         winpr.dir\Debug\ndr_string.obj
         winpr.dir\Debug\ndr_structure.obj
         winpr.dir\Debug\ndr_union.obj
         winpr.dir\Debug\midl.obj
         winpr.dir\Debug\credui.obj
         winpr.dir\Debug\wtsapi.obj
         winpr.dir\Debug\wtsapi_win32.obj
         winpr.dir\Debug\dsparse.obj
         winpr.dir\Debug\wnd.obj
         winpr.dir\Debug\smartcard.obj
         winpr.dir\Debug\smartcard_pcsc.obj
         winpr.dir\Debug\smartcard_inspect.obj
         winpr.dir\Debug\smartcard_winscard.obj
         winpr.dir\Debug\nt.obj
         winpr.dir\Debug\synthetic.obj
         winpr.dir\Debug\clipboard.obj
         winpr.dir\Debug\/synch/timer.c.obj
         winpr.dir\Debug\/path/shell.c.obj
         winpr.dir\Debug\/io/io.c.obj
         winpr.dir\Debug\/memory/memory.c.obj
         winpr.dir\Debug\/shell/shell.c.obj
         winpr.dir\Debug\/utils/ntlm.c.obj
         winpr.dir\Debug\/pool/timer.c.obj
         winpr.dir\Debug\/pool/io.c.obj
         winpr.dir\Debug\/sspi/NTLM/ntlm.c.obj
         winpr.dir\Debug\/crt/memory.c.obj
            Creating library D:/freerdp/Debug/winpr.lib and object D:/freerdp/Debug/winpr.exp
         winpr.vcxproj -> D:\freerdp\Debug\winpr.dll
     1>Done Building Project "D:\freerdp\winpr\libwinpr\winpr.vcxproj" (Rebuild target(s)).

Build succeeded.

Time Elapsed 00:00:37.22
