d:\freerdp\rdtk\librdtk\rdtk.dir\debug\vc120.pdb
d:\freerdp\rdtk\librdtk\rdtk.dir\debug\rdtk_engine.obj
d:\freerdp\rdtk\librdtk\rdtk.dir\debug\rdtk_text_field.obj
d:\freerdp\rdtk\librdtk\rdtk.dir\debug\rdtk_nine_patch.obj
d:\freerdp\rdtk\librdtk\rdtk.dir\debug\rdtk_label.obj
d:\freerdp\rdtk\librdtk\rdtk.dir\debug\rdtk_button.obj
d:\freerdp\rdtk\librdtk\rdtk.dir\debug\rdtk_font.obj
d:\freerdp\rdtk\librdtk\rdtk.dir\debug\rdtk_surface.obj
d:\freerdp\rdtk\librdtk\rdtk.dir\debug\rdtk_resources.obj
d:\freerdp\debug\rdtk.ilk
d:\freerdp\debug\rdtk.dll
d:\freerdp\debug\rdtk.pdb
d:\freerdp\rdtk\librdtk\rdtk.dir\debug\version.res
d:\freerdp\debug\rdtk.lib
d:\freerdp\debug\rdtk.exp
d:\freerdp\rdtk\librdtk\rdtk.dir\debug\rdtk.tlog\cl.command.1.tlog
d:\freerdp\rdtk\librdtk\rdtk.dir\debug\rdtk.tlog\cl.read.1.tlog
d:\freerdp\rdtk\librdtk\rdtk.dir\debug\rdtk.tlog\cl.write.1.tlog
d:\freerdp\rdtk\librdtk\rdtk.dir\debug\rdtk.tlog\link.command.1.tlog
d:\freerdp\rdtk\librdtk\rdtk.dir\debug\rdtk.tlog\link.read.1.tlog
d:\freerdp\rdtk\librdtk\rdtk.dir\debug\rdtk.tlog\link.write.1.tlog
d:\freerdp\rdtk\librdtk\rdtk.dir\debug\rdtk.tlog\rc.command.1.tlog
d:\freerdp\rdtk\librdtk\rdtk.dir\debug\rdtk.tlog\rc.read.1.tlog
d:\freerdp\rdtk\librdtk\rdtk.dir\debug\rdtk.tlog\rc.write.1.tlog
d:\freerdp\rdtk\librdtk\rdtk.dir\debug\rdtk.tlog\rdtk.write.1u.tlog
