Build started 10/26/2015 4:29:46 PM.
     1>Project "D:\freerdp\rdtk\librdtk\rdtk.vcxproj" on node 9 (Rebuild target(s)).
     1>ClCompile:
         C:\Program Files (x86)\Microsoft Visual Studio 12.0\VC\bin\x86_amd64\CL.exe /c /ID:\freerdp /ID:\freerdp\include /I"D:\FreeRDP-master\FreeRDP-master\include" /I"D:\FreeRDP-master\FreeRDP-master\winpr\include" /ID:\freerdp\winpr\include /I"D:\FreeRDP-master\FreeRDP-master\rdtk\include" /ID:\freerdp\rdtk\include /I"C:\OpenSSL-Win64\include" /Zi /nologo /W3 /WX- /Od /Ob2 /D WIN32 /D _WINDOWS /D _AMD64_ /D UNICODE /D _UNICODE /D _CRT_SECURE_NO_WARNINGS /D WIN32_LEAN_AND_MEAN /D WINVER=0x0501 /D WIN32_WINNT=0x0501 /D WINPR_EXPORTS /D FREERDP_EXPORTS /D RDTK_EXPORTS /D _DEBUG /D WITH_OPENSSL /D HAVE_CONFIG_H /D "CMAKE_INTDIR=\"Debug\"" /D rdtk_EXPORTS /D _WINDLL /D _UNICODE /D UNICODE /Gm- /RTC1 /MDd /GS /fp:precise /Zc:wchar_t /Zc:forScope /Fo"rdtk.dir\Debug\\" /Fd"rdtk.dir\Debug\vc120.pdb" /Gd /TC /errorReport:prompt "D:\FreeRDP-master\FreeRDP-master\rdtk\librdtk\rdtk_resources.c" "D:\FreeRDP-master\FreeRDP-master\rdtk\librdtk\rdtk_surface.c" "D:\FreeRDP-master\FreeRDP-master\rdtk\librdtk\rdtk_font.c" "D:\FreeRDP-master\FreeRDP-master\rdtk\librdtk\rdtk_button.c" "D:\FreeRDP-master\FreeRDP-master\rdtk\librdtk\rdtk_label.c" "D:\FreeRDP-master\FreeRDP-master\rdtk\librdtk\rdtk_nine_patch.c" "D:\FreeRDP-master\FreeRDP-master\rdtk\librdtk\rdtk_text_field.c" "D:\FreeRDP-master\FreeRDP-master\rdtk\librdtk\rdtk_engine.c"
         rdtk_resources.c
         rdtk_surface.c
         rdtk_font.c
     1>D:\FreeRDP-master\FreeRDP-master\rdtk\librdtk\rdtk_font.c(128): warning C4267: '=' : conversion from 'size_t' to 'int', possible loss of data
     1>D:\FreeRDP-master\FreeRDP-master\rdtk\librdtk\rdtk_font.c(150): warning C4267: '=' : conversion from 'size_t' to 'int', possible loss of data
     1>D:\FreeRDP-master\FreeRDP-master\rdtk\librdtk\rdtk_font.c(223): warning C4267: 'initializing' : conversion from 'size_t' to 'int', possible loss of data
     1>D:\FreeRDP-master\FreeRDP-master\rdtk\librdtk\rdtk_font.c(598): warning C4267: '=' : conversion from 'size_t' to 'int', possible loss of data
         rdtk_button.c
         rdtk_label.c
         rdtk_nine_patch.c
         rdtk_text_field.c
         rdtk_engine.c
         Generating Code...
       ResourceCompile:
         C:\Program Files (x86)\Windows Kits\8.1\bin\x86\rc.exe /D WIN32 /D _WINDOWS /D _AMD64_ /D UNICODE /D _UNICODE /D _CRT_SECURE_NO_WARNINGS /D WIN32_LEAN_AND_MEAN /D WINVER=0x0501 /D WIN32_WINNT=0x0501 /D WINPR_EXPORTS /D FREERDP_EXPORTS /D RDTK_EXPORTS /D _DEBUG /D WITH_OPENSSL /D HAVE_CONFIG_H /D "CMAKE_INTDIR=\\\"Debug\\\"" /D rdtk_EXPORTS /D _UNICODE /D UNICODE /l"0x0409" /ID:\freerdp /ID:\freerdp\include /I"D:\FreeRDP-master\FreeRDP-master\include" /I"D:\FreeRDP-master\FreeRDP-master\winpr\include" /ID:\freerdp\winpr\include /I"D:\FreeRDP-master\FreeRDP-master\rdtk\include" /ID:\freerdp\rdtk\include /I"C:\OpenSSL-Win64\include" /nologo /fo"rdtk.dir\Debug\version.res" D:\freerdp\rdtk\librdtk\version.rc 
       Link:
         C:\Program Files (x86)\Microsoft Visual Studio 12.0\VC\bin\x86_amd64\link.exe /ERRORREPORT:PROMPT /OUT:"D:\freerdp\Debug\rdtk.dll" /INCREMENTAL /NOLOGO kernel32.lib user32.lib gdi32.lib winspool.lib shell32.lib ole32.lib oleaut32.lib uuid.lib comdlg32.lib advapi32.lib ..\..\Debug\freerdp.lib ..\..\Debug\winpr.lib ntdsapi.lib crypt32.lib Dbghelp.lib rpcrt4.lib credui.lib "C:\OpenSSL-Win64\lib\VC\ssleay32MD.lib" "C:\OpenSSL-Win64\lib\VC\libeay32MD.lib" ws2_32.lib /MANIFEST /MANIFESTUAC:"level='asInvoker' uiAccess='false'" /manifest:embed /DEBUG /PDB:"D:/freerdp/Debug/rdtk.pdb" /SUBSYSTEM:CONSOLE /TLBID:1 /DYNAMICBASE /NXCOMPAT /IMPLIB:"D:/freerdp/Debug/rdtk.lib" /MACHINE:X64  /machine:x64 /debug /DLL rdtk.dir\Debug\version.res
         rdtk.dir\Debug\rdtk_resources.obj
         rdtk.dir\Debug\rdtk_surface.obj
         rdtk.dir\Debug\rdtk_font.obj
         rdtk.dir\Debug\rdtk_button.obj
         rdtk.dir\Debug\rdtk_label.obj
         rdtk.dir\Debug\rdtk_nine_patch.obj
         rdtk.dir\Debug\rdtk_text_field.obj
         rdtk.dir\Debug\rdtk_engine.obj
            Creating library D:/freerdp/Debug/rdtk.lib and object D:/freerdp/Debug/rdtk.exp
         rdtk.vcxproj -> D:\freerdp\Debug\rdtk.dll
     1>Done Building Project "D:\freerdp\rdtk\librdtk\rdtk.vcxproj" (Rebuild target(s)).

Build succeeded.

Time Elapsed 00:00:03.31
